Using pre-set license
Built from '2022.3/staging' branch; Version is '2022.3.14f1 (eff2de9070d8) revision 15725278'; Using compiler version '192829333'; Build Type 'Release'
OS: 'Windows 11  (10.0.22621) 64bit Professional' Language: 'en' Physical Memory: 32630 MB
BatchMode: 1, IsHumanControllingUs: 0, StartBugReporterOnCrash: 0, Is64bit: 1, IsPro: 1

COMMAND LINE ARGUMENTS:
G:\Unity Engine\UnityEditors\2022.3.14f1\Editor\Unity.exe
-adb2
-batchMode
-noUpm
-name
AssetImportWorker0
-projectPath
G:/Git/SpiritOfTheWild/Pano
-logFile
Logs/AssetImportWorker0.log
-srvPort
60018
Successfully changed project path to: G:/Git/SpiritOfTheWild/Pano
G:/Git/SpiritOfTheWild/Pano
[UnityMemory] Configuration Parameters - Can be set up in boot.config
    "memorysetup-bucket-allocator-granularity=16"
    "memorysetup-bucket-allocator-bucket-count=8"
    "memorysetup-bucket-allocator-block-size=33554432"
    "memorysetup-bucket-allocator-block-count=8"
    "memorysetup-main-allocator-block-size=16777216"
    "memorysetup-thread-allocator-block-size=16777216"
    "memorysetup-gfx-main-allocator-block-size=16777216"
    "memorysetup-gfx-thread-allocator-block-size=16777216"
    "memorysetup-cache-allocator-block-size=4194304"
    "memorysetup-typetree-allocator-block-size=2097152"
    "memorysetup-profiler-bucket-allocator-granularity=16"
    "memorysetup-profiler-bucket-allocator-bucket-count=8"
    "memorysetup-profiler-bucket-allocator-block-size=33554432"
    "memorysetup-profiler-bucket-allocator-block-count=8"
    "memorysetup-profiler-allocator-block-size=16777216"
    "memorysetup-profiler-editor-allocator-block-size=1048576"
    "memorysetup-temp-allocator-size-main=16777216"
    "memorysetup-job-temp-allocator-block-size=2097152"
    "memorysetup-job-temp-allocator-block-size-background=1048576"
    "memorysetup-job-temp-allocator-reduction-small-platforms=262144"
    "memorysetup-allocator-temp-initial-block-size-main=262144"
    "memorysetup-allocator-temp-initial-block-size-worker=262144"
    "memorysetup-temp-allocator-size-background-worker=32768"
    "memorysetup-temp-allocator-size-job-worker=262144"
    "memorysetup-temp-allocator-size-preload-manager=33554432"
    "memorysetup-temp-allocator-size-nav-mesh-worker=65536"
    "memorysetup-temp-allocator-size-audio-worker=65536"
    "memorysetup-temp-allocator-size-cloud-worker=32768"
    "memorysetup-temp-allocator-size-gi-baking-worker=262144"
    "memorysetup-temp-allocator-size-gfx=262144"
Player connection [17700] Host "[IP] 192.168.100.23 [Port] 0 [Flags] 2 [Guid] 3072974815 [EditorId] 3072974815 [Version] 1048832 [Id] WindowsEditor(7,Arthena) [Debug] 1 [PackageName] WindowsEditor [ProjectName] Editor" joined multi-casting on [225.0.0.222:54997]...

Player connection [17700] Host "[IP] 192.168.100.23 [Port] 0 [Flags] 2 [Guid] 3072974815 [EditorId] 3072974815 [Version] 1048832 [Id] WindowsEditor(7,Arthena) [Debug] 1 [PackageName] WindowsEditor [ProjectName] Editor" joined alternative multi-casting on [225.0.0.222:34997]...

[Physics::Module] Initialized MultithreadedJobDispatcher with 15 workers.
Refreshing native plugins compatible for Editor in 10.02 ms, found 7 plugins.
Preloading 0 native plugins for Editor in 0.00 ms.
Initialize engine version: 2022.3.14f1 (eff2de9070d8)
[Subsystems] Discovering subsystems at path G:/Unity Engine/UnityEditors/2022.3.14f1/Editor/Data/Resources/UnitySubsystems
[Subsystems] Discovering subsystems at path G:/Git/SpiritOfTheWild/Pano/Assets
GfxDevice: creating device client; threaded=0; jobified=0
Direct3D:
    Version:  Direct3D 11.0 [level 11.1]
    Renderer: NVIDIA GeForce RTX 2070 SUPER (ID=0x1e84)
    Vendor:   NVIDIA
    VRAM:     8003 MB
    Driver:   31.0.15.4633
Initialize mono
Mono path[0] = 'G:/Unity Engine/UnityEditors/2022.3.14f1/Editor/Data/Managed'
Mono path[1] = 'G:/Unity Engine/UnityEditors/2022.3.14f1/Editor/Data/MonoBleedingEdge/lib/mono/unityjit-win32'
Mono config path = 'G:/Unity Engine/UnityEditors/2022.3.14f1/Editor/Data/MonoBleedingEdge/etc'
Using monoOptions --debugger-agent=transport=dt_socket,embedding=1,server=y,suspend=n,address=127.0.0.1:56760
Begin MonoManager ReloadAssembly
Registering precompiled unity dll's ...
Register platform support module: G:/Unity Engine/UnityEditors/2022.3.14f1/Editor/Data/PlaybackEngines/AndroidPlayer/UnityEditor.Android.Extensions.dll
Register platform support module: G:/Unity Engine/UnityEditors/2022.3.14f1/Editor/Data/PlaybackEngines/WindowsStandaloneSupport/UnityEditor.WindowsStandalone.Extensions.dll
Registered in 0.003491 seconds.
- Loaded All Assemblies, in  0.397 seconds
Native extension for WindowsStandalone target not found
Native extension for Android target not found
Android Extension - Scanning For ADB Devices 258 ms
Mono: successfully reloaded assembly
- Finished resetting the current domain, in  0.579 seconds
Domain Reload Profiling: 976ms
	BeginReloadAssembly (117ms)
		ExecutionOrderSort (0ms)
		DisableScriptedObjects (0ms)
		BackupInstance (0ms)
		ReleaseScriptingObjects (0ms)
		CreateAndSetChildDomain (1ms)
	RebuildCommonClasses (37ms)
	RebuildNativeTypeToScriptingClass (13ms)
	initialDomainReloadingComplete (56ms)
	LoadAllAssembliesAndSetupDomain (173ms)
		LoadAssemblies (117ms)
		RebuildTransferFunctionScriptingTraits (0ms)
		AnalyzeDomain (170ms)
			TypeCache.Refresh (169ms)
				TypeCache.ScanAssembly (153ms)
			ScanForSourceGeneratedMonoScriptInfo (0ms)
			ResolveRequiredComponents (0ms)
	FinalizeReload (579ms)
		ReleaseScriptCaches (0ms)
		RebuildScriptCaches (0ms)
		SetupLoadedEditorAssemblies (522ms)
			LogAssemblyErrors (0ms)
			InitializePlatformSupportModulesInManaged (376ms)
			SetLoadedEditorAssemblies (4ms)
			RefreshPlugins (0ms)
			BeforeProcessingInitializeOnLoad (2ms)
			ProcessInitializeOnLoadAttributes (95ms)
			ProcessInitializeOnLoadMethodAttributes (45ms)
			AfterProcessingInitializeOnLoad (0ms)
			EditorAssembliesLoaded (0ms)
		ExecutionOrderSort2 (0ms)
		AwakeInstancesAfterBackupRestoration (0ms)
========================================================================
Worker process is ready to serve import requests
Begin MonoManager ReloadAssembly
- Loaded All Assemblies, in  0.631 seconds
Refreshing native plugins compatible for Editor in 3.18 ms, found 7 plugins.
Native extension for WindowsStandalone target not found
Native extension for Android target not found
Package Manager log level set to [2]
[Package Manager] Server::EnsureServerProcessIsRunning -- launch failed, reason: Unity was launched with the -noUpm command-line argument
[Package Manager] UpmClient::Send -- Unable to send message (not connected to UPM process).
[Package Manager] Cannot connect to Unity Package Manager local server
[Package Manager] Server::EnsureServerProcessIsRunning -- launch failed, reason: Unity was launched with the -noUpm command-line argument
[Package Manager] UpmClient::Send -- Unable to send message (not connected to UPM process).
[Package Manager] Cannot connect to Unity Package Manager local server
Mono: successfully reloaded assembly
- Finished resetting the current domain, in  0.574 seconds
Domain Reload Profiling: 1205ms
	BeginReloadAssembly (139ms)
		ExecutionOrderSort (0ms)
		DisableScriptedObjects (5ms)
		BackupInstance (0ms)
		ReleaseScriptingObjects (0ms)
		CreateAndSetChildDomain (21ms)
	RebuildCommonClasses (32ms)
	RebuildNativeTypeToScriptingClass (11ms)
	initialDomainReloadingComplete (39ms)
	LoadAllAssembliesAndSetupDomain (410ms)
		LoadAssemblies (289ms)
		RebuildTransferFunctionScriptingTraits (0ms)
		AnalyzeDomain (203ms)
			TypeCache.Refresh (171ms)
				TypeCache.ScanAssembly (152ms)
			ScanForSourceGeneratedMonoScriptInfo (23ms)
			ResolveRequiredComponents (8ms)
	FinalizeReload (574ms)
		ReleaseScriptCaches (0ms)
		RebuildScriptCaches (0ms)
		SetupLoadedEditorAssemblies (375ms)
			LogAssemblyErrors (0ms)
			InitializePlatformSupportModulesInManaged (19ms)
			SetLoadedEditorAssemblies (3ms)
			RefreshPlugins (0ms)
			BeforeProcessingInitializeOnLoad (48ms)
			ProcessInitializeOnLoadAttributes (283ms)
			ProcessInitializeOnLoadMethodAttributes (20ms)
			AfterProcessingInitializeOnLoad (2ms)
			EditorAssembliesLoaded (0ms)
		ExecutionOrderSort2 (0ms)
		AwakeInstancesAfterBackupRestoration (6ms)
Launched and connected shader compiler UnityShaderCompiler.exe after 0.04 seconds
Refreshing native plugins compatible for Editor in 3.21 ms, found 7 plugins.
Preloading 0 native plugins for Editor in 0.00 ms.
Unloading 4040 Unused Serialized files (Serialized files now loaded: 0)
Unloading 68 unused Assets / (1.9 MB). Loaded Objects now: 4627.
Memory consumption went from 208.6 MB to 206.7 MB.
Total: 3.986700 ms (FindLiveObjects: 0.563100 ms CreateObjectMapping: 0.366900 ms MarkObjects: 2.430000 ms  DeleteObjects: 0.626000 ms)

AssetImportParameters requested are different than current active one (requested -> active):
  custom:container-demuxer-ogg: 62fdf1f143b41e24485cea50d1cbac27 -> 
  custom:video-decoder-ogg-theora: a1e56fd34408186e4bbccfd4996cb3dc -> 
  custom:framework-win-MediaFoundation: 216162199b28c13a410421893ffa2e32 -> 
  custom:CustomObjectIndexerAttribute: 756ad292c208cfabdd7b50bc23989ffe -> 
  custom:container-demuxer-webm: 4f35f7cbe854078d1ac9338744f61a02 -> 
  custom:container-muxer-webm: aa71ff27fc2769a1b78a27578f13a17b -> 
  custom:video-decoder-webm-vp8: 9c59270c3fd7afecdb556c50c9e8de78 -> 
  custom:SearchIndexIgnoredProperties: e643bd26f0fe6173181afceb89e7c659 -> 
  custom:AudioImporter_EditorPlatform: d09bf68614088b80899f8185d706f6e7 -> 
  custom:video-encoder-webm-vp8: eb34c28f22e8b96e1ab97ce403110664 -> 
  custom:audio-decoder-ogg-vorbis: bf7c407c2cedff20999df2af8eb42d56 -> 
  custom:audio-encoder-webm-vorbis: bf7c407c2cedff20999df2af8eb42d56 -> 
========================================================================
Received Import Request.
  Time since last request: 179388.217323 seconds.
  path: Assets/Scripts/UDPReceiver.cs
  artifactKey: Guid(51fe20a4ae817844d9b4dc24939467a7) Importer(815301076,1909f56bfc062723c751e8b465ee728b)
Start importing Assets/Scripts/UDPReceiver.cs using Guid(51fe20a4ae817844d9b4dc24939467a7) Importer(815301076,1909f56bfc062723c751e8b465ee728b)  -> (artifact id: '4828e7af0b1b7d42c651b330c7c445db') in 0.001811 seconds
Number of updated asset objects reloaded before import = 0
Number of asset objects unloaded after import = 0
========================================================================
Received Import Request.
  Time since last request: 0.873660 seconds.
  path: Assets/Scripts/NetworkObserver.cs
  artifactKey: Guid(02597e9ac095adf4cb0c5297311351ca) Importer(815301076,1909f56bfc062723c751e8b465ee728b)
Start importing Assets/Scripts/NetworkObserver.cs using Guid(02597e9ac095adf4cb0c5297311351ca) Importer(815301076,1909f56bfc062723c751e8b465ee728b)  -> (artifact id: 'b91093c7d617e4148253d80c25d8bcf3') in 0.000465 seconds
Number of updated asset objects reloaded before import = 0
Number of asset objects unloaded after import = 0
========================================================================
Received Prepare
Begin MonoManager ReloadAssembly
- Loaded All Assemblies, in  0.419 seconds
Refreshing native plugins compatible for Editor in 3.30 ms, found 7 plugins.
Native extension for WindowsStandalone target not found
Native extension for Android target not found
[Package Manager] Server::EnsureServerProcessIsRunning -- launch failed, reason: Unity was launched with the -noUpm command-line argument
[Package Manager] UpmClient::Send -- Unable to send message (not connected to UPM process).
[Package Manager] Cannot connect to Unity Package Manager local server
[Package Manager] Server::EnsureServerProcessIsRunning -- launch failed, reason: Unity was launched with the -noUpm command-line argument
[Package Manager] UpmClient::Send -- Unable to send message (not connected to UPM process).
[Package Manager] Cannot connect to Unity Package Manager local server
Mono: successfully reloaded assembly
- Finished resetting the current domain, in  0.771 seconds
Domain Reload Profiling: 1190ms
	BeginReloadAssembly (155ms)
		ExecutionOrderSort (0ms)
		DisableScriptedObjects (5ms)
		BackupInstance (0ms)
		ReleaseScriptingObjects (0ms)
		CreateAndSetChildDomain (34ms)
	RebuildCommonClasses (36ms)
	RebuildNativeTypeToScriptingClass (10ms)
	initialDomainReloadingComplete (22ms)
	LoadAllAssembliesAndSetupDomain (195ms)
		LoadAssemblies (239ms)
		RebuildTransferFunctionScriptingTraits (0ms)
		AnalyzeDomain (33ms)
			TypeCache.Refresh (18ms)
				TypeCache.ScanAssembly (7ms)
			ScanForSourceGeneratedMonoScriptInfo (7ms)
			ResolveRequiredComponents (7ms)
	FinalizeReload (771ms)
		ReleaseScriptCaches (0ms)
		RebuildScriptCaches (0ms)
		SetupLoadedEditorAssemblies (349ms)
			LogAssemblyErrors (0ms)
			InitializePlatformSupportModulesInManaged (24ms)
			SetLoadedEditorAssemblies (5ms)
			RefreshPlugins (0ms)
			BeforeProcessingInitializeOnLoad (57ms)
			ProcessInitializeOnLoadAttributes (242ms)
			ProcessInitializeOnLoadMethodAttributes (20ms)
			AfterProcessingInitializeOnLoad (2ms)
			EditorAssembliesLoaded (0ms)
		ExecutionOrderSort2 (0ms)
		AwakeInstancesAfterBackupRestoration (5ms)
Refreshing native plugins compatible for Editor in 3.57 ms, found 7 plugins.
Preloading 0 native plugins for Editor in 0.00 ms.
Unloading 3921 Unused Serialized files (Serialized files now loaded: 0)
Unloading 55 unused Assets / (1.9 MB). Loaded Objects now: 4630.
Memory consumption went from 182.2 MB to 180.3 MB.
Total: 3.245200 ms (FindLiveObjects: 0.351200 ms CreateObjectMapping: 0.320400 ms MarkObjects: 2.107400 ms  DeleteObjects: 0.465400 ms)

Prepare: number of updated asset objects reloaded= 0
AssetImportParameters requested are different than current active one (requested -> active):
  custom:container-demuxer-ogg: 62fdf1f143b41e24485cea50d1cbac27 -> 
  custom:video-decoder-ogg-theora: a1e56fd34408186e4bbccfd4996cb3dc -> 
  custom:framework-win-MediaFoundation: 216162199b28c13a410421893ffa2e32 -> 
  custom:CustomObjectIndexerAttribute: 756ad292c208cfabdd7b50bc23989ffe -> 
  custom:container-demuxer-webm: 4f35f7cbe854078d1ac9338744f61a02 -> 
  custom:container-muxer-webm: aa71ff27fc2769a1b78a27578f13a17b -> 
  custom:video-decoder-webm-vp8: 9c59270c3fd7afecdb556c50c9e8de78 -> 
  custom:SearchIndexIgnoredProperties: e643bd26f0fe6173181afceb89e7c659 -> 
  custom:AudioImporter_EditorPlatform: d09bf68614088b80899f8185d706f6e7 -> 
  custom:video-encoder-webm-vp8: eb34c28f22e8b96e1ab97ce403110664 -> 
  custom:audio-decoder-ogg-vorbis: bf7c407c2cedff20999df2af8eb42d56 -> 
  custom:audio-encoder-webm-vorbis: bf7c407c2cedff20999df2af8eb42d56 -> 
========================================================================
Received Import Request.
  Time since last request: 26.660557 seconds.
  path: Assets/Scripts/SFXAudioTimer.cs
  artifactKey: Guid(53ce8c2058e9eb94d840d670b877d842) Importer(815301076,1909f56bfc062723c751e8b465ee728b)
Start importing Assets/Scripts/SFXAudioTimer.cs using Guid(53ce8c2058e9eb94d840d670b877d842) Importer(815301076,1909f56bfc062723c751e8b465ee728b)  -> (artifact id: '529ddef513cd7a889b973ed557d68ba2') in 0.011889 seconds
Number of updated asset objects reloaded before import = 0
Number of asset objects unloaded after import = 0
========================================================================
Received Prepare
Begin MonoManager ReloadAssembly
- Loaded All Assemblies, in  0.661 seconds
Refreshing native plugins compatible for Editor in 3.58 ms, found 7 plugins.
Native extension for WindowsStandalone target not found
Native extension for Android target not found
[Package Manager] Server::EnsureServerProcessIsRunning -- launch failed, reason: Unity was launched with the -noUpm command-line argument
[Package Manager] UpmClient::Send -- Unable to send message (not connected to UPM process).
[Package Manager] Cannot connect to Unity Package Manager local server
[Package Manager] Server::EnsureServerProcessIsRunning -- launch failed, reason: Unity was launched with the -noUpm command-line argument
[Package Manager] UpmClient::Send -- Unable to send message (not connected to UPM process).
[Package Manager] Cannot connect to Unity Package Manager local server
Mono: successfully reloaded assembly
- Finished resetting the current domain, in  1.089 seconds
Domain Reload Profiling: 1749ms
	BeginReloadAssembly (232ms)
		ExecutionOrderSort (0ms)
		DisableScriptedObjects (5ms)
		BackupInstance (0ms)
		ReleaseScriptingObjects (0ms)
		CreateAndSetChildDomain (60ms)
	RebuildCommonClasses (38ms)
	RebuildNativeTypeToScriptingClass (20ms)
	initialDomainReloadingComplete (40ms)
	LoadAllAssembliesAndSetupDomain (330ms)
		LoadAssemblies (416ms)
		RebuildTransferFunctionScriptingTraits (0ms)
		AnalyzeDomain (43ms)
			TypeCache.Refresh (21ms)
				TypeCache.ScanAssembly (7ms)
			ScanForSourceGeneratedMonoScriptInfo (12ms)
			ResolveRequiredComponents (8ms)
	FinalizeReload (1090ms)
		ReleaseScriptCaches (0ms)
		RebuildScriptCaches (0ms)
		SetupLoadedEditorAssemblies (512ms)
			LogAssemblyErrors (0ms)
			InitializePlatformSupportModulesInManaged (43ms)
			SetLoadedEditorAssemblies (10ms)
			RefreshPlugins (0ms)
			BeforeProcessingInitializeOnLoad (71ms)
			ProcessInitializeOnLoadAttributes (356ms)
			ProcessInitializeOnLoadMethodAttributes (30ms)
			AfterProcessingInitializeOnLoad (2ms)
			EditorAssembliesLoaded (0ms)
		ExecutionOrderSort2 (0ms)
		AwakeInstancesAfterBackupRestoration (6ms)
Refreshing native plugins compatible for Editor in 3.61 ms, found 7 plugins.
Preloading 0 native plugins for Editor in 0.00 ms.
Unloading 3922 Unused Serialized files (Serialized files now loaded: 0)
Unloading 55 unused Assets / (1.9 MB). Loaded Objects now: 4634.
Memory consumption went from 184.1 MB to 182.3 MB.
Total: 4.700900 ms (FindLiveObjects: 0.499400 ms CreateObjectMapping: 0.437800 ms MarkObjects: 3.051700 ms  DeleteObjects: 0.711000 ms)

Prepare: number of updated asset objects reloaded= 0
AssetImportParameters requested are different than current active one (requested -> active):
  custom:container-demuxer-ogg: 62fdf1f143b41e24485cea50d1cbac27 -> 
  custom:video-decoder-ogg-theora: a1e56fd34408186e4bbccfd4996cb3dc -> 
  custom:framework-win-MediaFoundation: 216162199b28c13a410421893ffa2e32 -> 
  custom:CustomObjectIndexerAttribute: 756ad292c208cfabdd7b50bc23989ffe -> 
  custom:container-demuxer-webm: 4f35f7cbe854078d1ac9338744f61a02 -> 
  custom:container-muxer-webm: aa71ff27fc2769a1b78a27578f13a17b -> 
  custom:video-decoder-webm-vp8: 9c59270c3fd7afecdb556c50c9e8de78 -> 
  custom:SearchIndexIgnoredProperties: e643bd26f0fe6173181afceb89e7c659 -> 
  custom:AudioImporter_EditorPlatform: d09bf68614088b80899f8185d706f6e7 -> 
  custom:video-encoder-webm-vp8: eb34c28f22e8b96e1ab97ce403110664 -> 
  custom:audio-decoder-ogg-vorbis: bf7c407c2cedff20999df2af8eb42d56 -> 
  custom:audio-encoder-webm-vorbis: bf7c407c2cedff20999df2af8eb42d56 -> 
========================================================================
Received Prepare
Begin MonoManager ReloadAssembly
- Loaded All Assemblies, in  0.434 seconds
Refreshing native plugins compatible for Editor in 3.46 ms, found 7 plugins.
Native extension for WindowsStandalone target not found
Native extension for Android target not found
[Package Manager] Server::EnsureServerProcessIsRunning -- launch failed, reason: Unity was launched with the -noUpm command-line argument
[Package Manager] UpmClient::Send -- Unable to send message (not connected to UPM process).
[Package Manager] Cannot connect to Unity Package Manager local server
[Package Manager] Server::EnsureServerProcessIsRunning -- launch failed, reason: Unity was launched with the -noUpm command-line argument
[Package Manager] UpmClient::Send -- Unable to send message (not connected to UPM process).
[Package Manager] Cannot connect to Unity Package Manager local server
Mono: successfully reloaded assembly
- Finished resetting the current domain, in  0.771 seconds
Domain Reload Profiling: 1205ms
	BeginReloadAssembly (160ms)
		ExecutionOrderSort (0ms)
		DisableScriptedObjects (5ms)
		BackupInstance (0ms)
		ReleaseScriptingObjects (0ms)
		CreateAndSetChildDomain (39ms)
	RebuildCommonClasses (31ms)
	RebuildNativeTypeToScriptingClass (11ms)
	initialDomainReloadingComplete (27ms)
	LoadAllAssembliesAndSetupDomain (204ms)
		LoadAssemblies (256ms)
		RebuildTransferFunctionScriptingTraits (0ms)
		AnalyzeDomain (31ms)
			TypeCache.Refresh (15ms)
				TypeCache.ScanAssembly (5ms)
			ScanForSourceGeneratedMonoScriptInfo (8ms)
			ResolveRequiredComponents (7ms)
	FinalizeReload (771ms)
		ReleaseScriptCaches (0ms)
		RebuildScriptCaches (0ms)
		SetupLoadedEditorAssemblies (355ms)
			LogAssemblyErrors (0ms)
			InitializePlatformSupportModulesInManaged (28ms)
			SetLoadedEditorAssemblies (3ms)
			RefreshPlugins (0ms)
			BeforeProcessingInitializeOnLoad (56ms)
			ProcessInitializeOnLoadAttributes (244ms)
			ProcessInitializeOnLoadMethodAttributes (23ms)
			AfterProcessingInitializeOnLoad (2ms)
			EditorAssembliesLoaded (0ms)
		ExecutionOrderSort2 (0ms)
		AwakeInstancesAfterBackupRestoration (6ms)
Refreshing native plugins compatible for Editor in 3.64 ms, found 7 plugins.
Preloading 0 native plugins for Editor in 0.00 ms.
Unloading 3922 Unused Serialized files (Serialized files now loaded: 0)
Unloading 55 unused Assets / (1.9 MB). Loaded Objects now: 4637.
Memory consumption went from 186.1 MB to 184.2 MB.
Total: 3.720800 ms (FindLiveObjects: 0.388700 ms CreateObjectMapping: 0.299800 ms MarkObjects: 2.488700 ms  DeleteObjects: 0.542700 ms)

Prepare: number of updated asset objects reloaded= 0
AssetImportParameters requested are different than current active one (requested -> active):
  custom:container-demuxer-ogg: 62fdf1f143b41e24485cea50d1cbac27 -> 
  custom:video-decoder-ogg-theora: a1e56fd34408186e4bbccfd4996cb3dc -> 
  custom:framework-win-MediaFoundation: 216162199b28c13a410421893ffa2e32 -> 
  custom:CustomObjectIndexerAttribute: 756ad292c208cfabdd7b50bc23989ffe -> 
  custom:container-demuxer-webm: 4f35f7cbe854078d1ac9338744f61a02 -> 
  custom:container-muxer-webm: aa71ff27fc2769a1b78a27578f13a17b -> 
  custom:video-decoder-webm-vp8: 9c59270c3fd7afecdb556c50c9e8de78 -> 
  custom:SearchIndexIgnoredProperties: e643bd26f0fe6173181afceb89e7c659 -> 
  custom:AudioImporter_EditorPlatform: d09bf68614088b80899f8185d706f6e7 -> 
  custom:video-encoder-webm-vp8: eb34c28f22e8b96e1ab97ce403110664 -> 
  custom:audio-decoder-ogg-vorbis: bf7c407c2cedff20999df2af8eb42d56 -> 
  custom:audio-encoder-webm-vorbis: bf7c407c2cedff20999df2af8eb42d56 -> 
========================================================================
Received Import Request.
  Time since last request: 177.757803 seconds.
  path: Assets/Scripts/SFXAudioTimer.cs
  artifactKey: Guid(53ce8c2058e9eb94d840d670b877d842) Importer(815301076,1909f56bfc062723c751e8b465ee728b)
Start importing Assets/Scripts/SFXAudioTimer.cs using Guid(53ce8c2058e9eb94d840d670b877d842) Importer(815301076,1909f56bfc062723c751e8b465ee728b)  -> (artifact id: '6573a1491d3afc3147a57cc4b9764609') in 0.008565 seconds
Number of updated asset objects reloaded before import = 0
Number of asset objects unloaded after import = 0
========================================================================
Received Import Request.
  Time since last request: 299.618969 seconds.
  path: Assets/Prefabs/Prefab_AudioSource.prefab
  artifactKey: Guid(3f082d27d3bac434583d5403aa8c69f6) Importer(815301076,1909f56bfc062723c751e8b465ee728b)
Start importing Assets/Prefabs/Prefab_AudioSource.prefab using Guid(3f082d27d3bac434583d5403aa8c69f6) Importer(815301076,1909f56bfc062723c751e8b465ee728b)  -> (artifact id: '64030d12373b95be72f7897ea10401ff') in 0.023323 seconds
Number of updated asset objects reloaded before import = 0
Number of asset objects unloaded after import = 5
========================================================================
Received Import Request.
  Time since last request: 25.521245 seconds.
  path: Assets/Assets Custom/SFX/cricket_01.wav
  artifactKey: Guid(c7e5771f23a50a24e939d2f4ed53b0af) Importer(815301076,1909f56bfc062723c751e8b465ee728b)
Start importing Assets/Assets Custom/SFX/cricket_01.wav using Guid(c7e5771f23a50a24e939d2f4ed53b0af) Importer(815301076,1909f56bfc062723c751e8b465ee728b)  -> (artifact id: 'c7260aa3ebf1e499ac44006b2c06a96e') in 0.063818 seconds
Number of updated asset objects reloaded before import = 0
Number of asset objects unloaded after import = 2
========================================================================
Received Import Request.
  Time since last request: 0.000026 seconds.
  path: Assets/Assets Custom/SFX/Crow 4_01.wav
  artifactKey: Guid(aaca27e067c0cf343bd414fa9b8856bb) Importer(815301076,1909f56bfc062723c751e8b465ee728b)
Start importing Assets/Assets Custom/SFX/Crow 4_01.wav using Guid(aaca27e067c0cf343bd414fa9b8856bb) Importer(815301076,1909f56bfc062723c751e8b465ee728b)  -> (artifact id: '034accdbd756ddd59aa89c7f3d4ca468') in 0.011091 seconds
Number of updated asset objects reloaded before import = 0
Number of asset objects unloaded after import = 2
========================================================================
Received Import Request.
  Time since last request: 0.000099 seconds.
  path: Assets/Assets Custom/SFX/Speaker/DEMO - DoNotBoardTheHelicopter.mp3
  artifactKey: Guid(5809c164dcde584459dcc2b072074e7e) Importer(815301076,1909f56bfc062723c751e8b465ee728b)
Start importing Assets/Assets Custom/SFX/Speaker/DEMO - DoNotBoardTheHelicopter.mp3 using Guid(5809c164dcde584459dcc2b072074e7e) Importer(815301076,1909f56bfc062723c751e8b465ee728b)  -> (artifact id: 'dd21211993db340006e1f82e17219d6d') in 0.011885 seconds
Number of updated asset objects reloaded before import = 0
Number of asset objects unloaded after import = 2
========================================================================
Received Import Request.
  Time since last request: 0.000018 seconds.
  path: Assets/Assets Custom/BGM/Demo_AtmoPano.mp3
  artifactKey: Guid(03604263e01f3f545aad2e6889234b67) Importer(815301076,1909f56bfc062723c751e8b465ee728b)
Start importing Assets/Assets Custom/BGM/Demo_AtmoPano.mp3 using Guid(03604263e01f3f545aad2e6889234b67) Importer(815301076,1909f56bfc062723c751e8b465ee728b)  -> (artifact id: '79fcaa94ddbf97d632baaac96fd2dca5') in 0.010738 seconds
Number of updated asset objects reloaded before import = 0
Number of asset objects unloaded after import = 2
========================================================================
Received Import Request.
  Time since last request: 0.000049 seconds.
  path: Assets/Assets Custom/SFX/Doe 10 sniffing_01.wav
  artifactKey: Guid(0531729dc745c9843b08fc5894ca9687) Importer(815301076,1909f56bfc062723c751e8b465ee728b)
Start importing Assets/Assets Custom/SFX/Doe 10 sniffing_01.wav using Guid(0531729dc745c9843b08fc5894ca9687) Importer(815301076,1909f56bfc062723c751e8b465ee728b)  -> (artifact id: '663ec8819f9dd6922f9b753c090cae62') in 0.010521 seconds
Number of updated asset objects reloaded before import = 0
Number of asset objects unloaded after import = 2
========================================================================
Received Import Request.
  Time since last request: 0.000016 seconds.
  path: Assets/Assets Custom/SFX/Doe 6_01.wav
  artifactKey: Guid(c0ce2fb2bad7a3e4ca6dd2757528a07f) Importer(815301076,1909f56bfc062723c751e8b465ee728b)
Start importing Assets/Assets Custom/SFX/Doe 6_01.wav using Guid(c0ce2fb2bad7a3e4ca6dd2757528a07f) Importer(815301076,1909f56bfc062723c751e8b465ee728b)  -> (artifact id: '307d7bdced04383835ab7756039dbf19') in 0.010590 seconds
Number of updated asset objects reloaded before import = 0
Number of asset objects unloaded after import = 2
========================================================================
Received Import Request.
  Time since last request: 0.000036 seconds.
  path: Assets/Assets Custom/SFX/distant soldiers_02.wav
  artifactKey: Guid(076824d1bbcc6dd489f91465a091e7d6) Importer(815301076,1909f56bfc062723c751e8b465ee728b)
Start importing Assets/Assets Custom/SFX/distant soldiers_02.wav using Guid(076824d1bbcc6dd489f91465a091e7d6) Importer(815301076,1909f56bfc062723c751e8b465ee728b)  -> (artifact id: '2718f25b8c8d348b50bd0bca0b4891b3') in 0.011642 seconds
Number of updated asset objects reloaded before import = 0
Number of asset objects unloaded after import = 2
========================================================================
Received Import Request.
  Time since last request: 0.000027 seconds.
  path: Assets/Assets Custom/SFX/military vehicle 4_01.wav
  artifactKey: Guid(d4aa2a9b4ae151442bb4c6ec3bb39e9b) Importer(815301076,1909f56bfc062723c751e8b465ee728b)
Start importing Assets/Assets Custom/SFX/military vehicle 4_01.wav using Guid(d4aa2a9b4ae151442bb4c6ec3bb39e9b) Importer(815301076,1909f56bfc062723c751e8b465ee728b)  -> (artifact id: '2af2227ad081c2dfe882d3144965a275') in 0.011793 seconds
Number of updated asset objects reloaded before import = 0
Number of asset objects unloaded after import = 2
========================================================================
Received Import Request.
  Time since last request: 0.000117 seconds.
  path: Assets/Assets Custom/SFX/distant soldiers_05.wav
  artifactKey: Guid(421162247c476f749b67a4b12626dba1) Importer(815301076,1909f56bfc062723c751e8b465ee728b)
Start importing Assets/Assets Custom/SFX/distant soldiers_05.wav using Guid(421162247c476f749b67a4b12626dba1) Importer(815301076,1909f56bfc062723c751e8b465ee728b)  -> (artifact id: '3bb37595a59ee73d51cb3dab010a1e95') in 0.013015 seconds
Number of updated asset objects reloaded before import = 0
Number of asset objects unloaded after import = 2
========================================================================
Received Import Request.
  Time since last request: 0.000245 seconds.
  path: Assets/Assets Custom/BGM/VR-Atmo_V1_-_-_Stereo_Out.wav
  artifactKey: Guid(594eef1b402528a4db96ecee6620f214) Importer(815301076,1909f56bfc062723c751e8b465ee728b)
Start importing Assets/Assets Custom/BGM/VR-Atmo_V1_-_-_Stereo_Out.wav using Guid(594eef1b402528a4db96ecee6620f214) Importer(815301076,1909f56bfc062723c751e8b465ee728b)  -> (artifact id: '4feb8011438ea473bf259705ed6dae19') in 0.011759 seconds
Number of updated asset objects reloaded before import = 0
Number of asset objects unloaded after import = 2
========================================================================
Received Import Request.
  Time since last request: 0.000180 seconds.
  path: Assets/Assets Custom/SFX/military vehicle 3_01.wav
  artifactKey: Guid(593da7bc9845a1d4c87e1401c44585b9) Importer(815301076,1909f56bfc062723c751e8b465ee728b)
Start importing Assets/Assets Custom/SFX/military vehicle 3_01.wav using Guid(593da7bc9845a1d4c87e1401c44585b9) Importer(815301076,1909f56bfc062723c751e8b465ee728b)  -> (artifact id: '3cea3b098fd2503a1a4c508637d856c3') in 0.014290 seconds
Number of updated asset objects reloaded before import = 0
Number of asset objects unloaded after import = 2
========================================================================
Received Import Request.
  Time since last request: 0.000074 seconds.
  path: Assets/Assets Custom/SFX/military vehicle 2_01.wav
  artifactKey: Guid(7db5fb859c77d9041b3b2426ea958f0a) Importer(815301076,1909f56bfc062723c751e8b465ee728b)
Start importing Assets/Assets Custom/SFX/military vehicle 2_01.wav using Guid(7db5fb859c77d9041b3b2426ea958f0a) Importer(815301076,1909f56bfc062723c751e8b465ee728b)  -> (artifact id: 'e0a3681d515ec8222d30d7680ee6dec6') in 0.012478 seconds
Number of updated asset objects reloaded before import = 0
Number of asset objects unloaded after import = 2
========================================================================
Received Import Request.
  Time since last request: 0.000025 seconds.
  path: Assets/Assets Custom/SFX/Doe 4_01.wav
  artifactKey: Guid(76a660080e2398240a98c0ee2b178527) Importer(815301076,1909f56bfc062723c751e8b465ee728b)
Start importing Assets/Assets Custom/SFX/Doe 4_01.wav using Guid(76a660080e2398240a98c0ee2b178527) Importer(815301076,1909f56bfc062723c751e8b465ee728b)  -> (artifact id: '860549801da5c7086571ff0a92fe48cf') in 0.013526 seconds
Number of updated asset objects reloaded before import = 0
Number of asset objects unloaded after import = 2
========================================================================
Received Import Request.
  Time since last request: 0.000017 seconds.
  path: Assets/Assets Custom/SFX/Fox sniffing 3_01.wav
  artifactKey: Guid(fff86171333786849865fc727b717781) Importer(815301076,1909f56bfc062723c751e8b465ee728b)
Start importing Assets/Assets Custom/SFX/Fox sniffing 3_01.wav using Guid(fff86171333786849865fc727b717781) Importer(815301076,1909f56bfc062723c751e8b465ee728b)  -> (artifact id: '3025591105596f022e013a3f7c1de31f') in 0.014861 seconds
Number of updated asset objects reloaded before import = 0
Number of asset objects unloaded after import = 2
========================================================================
Received Import Request.
  Time since last request: 0.000024 seconds.
  path: Assets/Assets Custom/SFX/drizzle 2_02.wav
  artifactKey: Guid(7d82ddb934e54114498f558cf5a8ac92) Importer(815301076,1909f56bfc062723c751e8b465ee728b)
Start importing Assets/Assets Custom/SFX/drizzle 2_02.wav using Guid(7d82ddb934e54114498f558cf5a8ac92) Importer(815301076,1909f56bfc062723c751e8b465ee728b)  -> (artifact id: '9cdb2a199037a1b93eff9f60962384e4') in 0.015447 seconds
Number of updated asset objects reloaded before import = 0
Number of asset objects unloaded after import = 2
========================================================================
Received Import Request.
  Time since last request: 0.000025 seconds.
  path: Assets/Assets Custom/SFX/Doe 9 sniffing_03.wav
  artifactKey: Guid(487862c7fb3eff34ebb8079a92419648) Importer(815301076,1909f56bfc062723c751e8b465ee728b)
Start importing Assets/Assets Custom/SFX/Doe 9 sniffing_03.wav using Guid(487862c7fb3eff34ebb8079a92419648) Importer(815301076,1909f56bfc062723c751e8b465ee728b)  -> (artifact id: '2f11e883579dfe5062eb9a957d723664') in 0.014916 seconds
Number of updated asset objects reloaded before import = 0
Number of asset objects unloaded after import = 2
========================================================================
Received Import Request.
  Time since last request: 0.000072 seconds.
  path: Assets/Assets Custom/SFX/cricket_03.wav
  artifactKey: Guid(183dbd3d8e2a01445bf899ba98fa9416) Importer(815301076,1909f56bfc062723c751e8b465ee728b)
Start importing Assets/Assets Custom/SFX/cricket_03.wav using Guid(183dbd3d8e2a01445bf899ba98fa9416) Importer(815301076,1909f56bfc062723c751e8b465ee728b)  -> (artifact id: '648780f86b32632d8ea8434779e221c7') in 0.014497 seconds
Number of updated asset objects reloaded before import = 0
Number of asset objects unloaded after import = 2
========================================================================
Received Import Request.
  Time since last request: 0.000018 seconds.
  path: Assets/Assets Custom/SFX/drizzle 1_01.wav
  artifactKey: Guid(055a0028dfc667d4c85e11a732c6e4d2) Importer(815301076,1909f56bfc062723c751e8b465ee728b)
Start importing Assets/Assets Custom/SFX/drizzle 1_01.wav using Guid(055a0028dfc667d4c85e11a732c6e4d2) Importer(815301076,1909f56bfc062723c751e8b465ee728b)  -> (artifact id: 'd2e4511483800ee5f6bfbbd2ae163c7f') in 0.015698 seconds
Number of updated asset objects reloaded before import = 0
Number of asset objects unloaded after import = 2
========================================================================
Received Import Request.
  Time since last request: 0.000021 seconds.
  path: Assets/Assets Custom/SFX/wind 2_02.wav
  artifactKey: Guid(8168d5bda72fd5d46b8593ece2bea801) Importer(815301076,1909f56bfc062723c751e8b465ee728b)
Start importing Assets/Assets Custom/SFX/wind 2_02.wav using Guid(8168d5bda72fd5d46b8593ece2bea801) Importer(815301076,1909f56bfc062723c751e8b465ee728b)  -> (artifact id: '3b16b4d857b7bb5f54b8b8525722e938') in 0.013954 seconds
Number of updated asset objects reloaded before import = 0
Number of asset objects unloaded after import = 2
========================================================================
Received Import Request.
  Time since last request: 0.000029 seconds.
  path: Assets/Assets Custom/SFX/soldier walking 1_03.wav
  artifactKey: Guid(240d68a029b433046a284d3be1893a6e) Importer(815301076,1909f56bfc062723c751e8b465ee728b)
Start importing Assets/Assets Custom/SFX/soldier walking 1_03.wav using Guid(240d68a029b433046a284d3be1893a6e) Importer(815301076,1909f56bfc062723c751e8b465ee728b)  -> (artifact id: '6917556f05c0a0a8a0731cbce2eeaf86') in 0.014052 seconds
Number of updated asset objects reloaded before import = 0
Number of asset objects unloaded after import = 2
Editor requested this worker to shutdown with reason: Scaling down because of idle timeout
TcpMessagingSession - receive error: operation aborted. errorcode: 995, details: The I/O operation has been aborted because of either a thread exit or an application request.
AssetImportWorker is now disconnected from the server
Process exiting
Exiting without the bug reporter. Application will terminate with return code 0