Using pre-set license
Built from '2022.3/staging' branch; Version is '2022.3.14f1 (eff2de9070d8) revision 15725278'; Using compiler version '192829333'; Build Type 'Release'
OS: 'Windows 11  (10.0.22621) 64bit Professional' Language: 'en' Physical Memory: 32630 MB
BatchMode: 1, IsHumanControllingUs: 0, StartBugReporterOnCrash: 0, Is64bit: 1, IsPro: 1

COMMAND LINE ARGUMENTS:
G:\Unity Engine\UnityEditors\2022.3.14f1\Editor\Unity.exe
-adb2
-batchMode
-noUpm
-name
AssetImportWorker3
-projectPath
G:/Git/SpiritOfTheWild/Pano
-logFile
Logs/AssetImportWorker3.log
-srvPort
55090
Successfully changed project path to: G:/Git/SpiritOfTheWild/Pano
G:/Git/SpiritOfTheWild/Pano
[UnityMemory] Configuration Parameters - Can be set up in boot.config
    "memorysetup-bucket-allocator-granularity=16"
    "memorysetup-bucket-allocator-bucket-count=8"
    "memorysetup-bucket-allocator-block-size=33554432"
    "memorysetup-bucket-allocator-block-count=8"
    "memorysetup-main-allocator-block-size=16777216"
    "memorysetup-thread-allocator-block-size=16777216"
    "memorysetup-gfx-main-allocator-block-size=16777216"
    "memorysetup-gfx-thread-allocator-block-size=16777216"
    "memorysetup-cache-allocator-block-size=4194304"
    "memorysetup-typetree-allocator-block-size=2097152"
    "memorysetup-profiler-bucket-allocator-granularity=16"
    "memorysetup-profiler-bucket-allocator-bucket-count=8"
    "memorysetup-profiler-bucket-allocator-block-size=33554432"
    "memorysetup-profiler-bucket-allocator-block-count=8"
    "memorysetup-profiler-allocator-block-size=16777216"
    "memorysetup-profiler-editor-allocator-block-size=1048576"
    "memorysetup-temp-allocator-size-main=16777216"
    "memorysetup-job-temp-allocator-block-size=2097152"
    "memorysetup-job-temp-allocator-block-size-background=1048576"
    "memorysetup-job-temp-allocator-reduction-small-platforms=262144"
    "memorysetup-allocator-temp-initial-block-size-main=262144"
    "memorysetup-allocator-temp-initial-block-size-worker=262144"
    "memorysetup-temp-allocator-size-background-worker=32768"
    "memorysetup-temp-allocator-size-job-worker=262144"
    "memorysetup-temp-allocator-size-preload-manager=33554432"
    "memorysetup-temp-allocator-size-nav-mesh-worker=65536"
    "memorysetup-temp-allocator-size-audio-worker=65536"
    "memorysetup-temp-allocator-size-cloud-worker=32768"
    "memorysetup-temp-allocator-size-gi-baking-worker=262144"
    "memorysetup-temp-allocator-size-gfx=262144"
Player connection [40848] Host "[IP] 192.168.100.23 [Port] 0 [Flags] 2 [Guid] 3468580642 [EditorId] 3468580642 [Version] 1048832 [Id] WindowsEditor(7,Arthena) [Debug] 1 [PackageName] WindowsEditor [ProjectName] Editor" joined multi-casting on [225.0.0.222:54997]...

Player connection [40848] Host "[IP] 192.168.100.23 [Port] 0 [Flags] 2 [Guid] 3468580642 [EditorId] 3468580642 [Version] 1048832 [Id] WindowsEditor(7,Arthena) [Debug] 1 [PackageName] WindowsEditor [ProjectName] Editor" joined alternative multi-casting on [225.0.0.222:34997]...

[Physics::Module] Initialized MultithreadedJobDispatcher with 15 workers.
Refreshing native plugins compatible for Editor in 8.48 ms, found 7 plugins.
Preloading 0 native plugins for Editor in 0.00 ms.
Initialize engine version: 2022.3.14f1 (eff2de9070d8)
[Subsystems] Discovering subsystems at path G:/Unity Engine/UnityEditors/2022.3.14f1/Editor/Data/Resources/UnitySubsystems
[Subsystems] Discovering subsystems at path G:/Git/SpiritOfTheWild/Pano/Assets
GfxDevice: creating device client; threaded=0; jobified=0
Direct3D:
    Version:  Direct3D 11.0 [level 11.1]
    Renderer: NVIDIA GeForce RTX 2070 SUPER (ID=0x1e84)
    Vendor:   NVIDIA
    VRAM:     8003 MB
    Driver:   31.0.15.2849
Initialize mono
Mono path[0] = 'G:/Unity Engine/UnityEditors/2022.3.14f1/Editor/Data/Managed'
Mono path[1] = 'G:/Unity Engine/UnityEditors/2022.3.14f1/Editor/Data/MonoBleedingEdge/lib/mono/unityjit-win32'
Mono config path = 'G:/Unity Engine/UnityEditors/2022.3.14f1/Editor/Data/MonoBleedingEdge/etc'
Using monoOptions --debugger-agent=transport=dt_socket,embedding=1,server=y,suspend=n,address=127.0.0.1:56376
Begin MonoManager ReloadAssembly
Registering precompiled unity dll's ...
Register platform support module: G:/Unity Engine/UnityEditors/2022.3.14f1/Editor/Data/PlaybackEngines/AndroidPlayer/UnityEditor.Android.Extensions.dll
Register platform support module: G:/Unity Engine/UnityEditors/2022.3.14f1/Editor/Data/PlaybackEngines/WindowsStandaloneSupport/UnityEditor.WindowsStandalone.Extensions.dll
Registered in 0.003043 seconds.
- Loaded All Assemblies, in  0.347 seconds
Native extension for WindowsStandalone target not found
Native extension for Android target not found
Android Extension - Scanning For ADB Devices 287 ms
Mono: successfully reloaded assembly
- Finished resetting the current domain, in  0.609 seconds
Domain Reload Profiling: 957ms
	BeginReloadAssembly (104ms)
		ExecutionOrderSort (0ms)
		DisableScriptedObjects (0ms)
		BackupInstance (0ms)
		ReleaseScriptingObjects (0ms)
		CreateAndSetChildDomain (1ms)
	RebuildCommonClasses (32ms)
	RebuildNativeTypeToScriptingClass (11ms)
	initialDomainReloadingComplete (47ms)
	LoadAllAssembliesAndSetupDomain (153ms)
		LoadAssemblies (104ms)
		RebuildTransferFunctionScriptingTraits (0ms)
		AnalyzeDomain (151ms)
			TypeCache.Refresh (149ms)
				TypeCache.ScanAssembly (135ms)
			ScanForSourceGeneratedMonoScriptInfo (1ms)
			ResolveRequiredComponents (0ms)
	FinalizeReload (609ms)
		ReleaseScriptCaches (0ms)
		RebuildScriptCaches (0ms)
		SetupLoadedEditorAssemblies (553ms)
			LogAssemblyErrors (0ms)
			InitializePlatformSupportModulesInManaged (405ms)
			SetLoadedEditorAssemblies (4ms)
			RefreshPlugins (0ms)
			BeforeProcessingInitializeOnLoad (2ms)
			ProcessInitializeOnLoadAttributes (95ms)
			ProcessInitializeOnLoadMethodAttributes (47ms)
			AfterProcessingInitializeOnLoad (0ms)
			EditorAssembliesLoaded (0ms)
		ExecutionOrderSort2 (0ms)
		AwakeInstancesAfterBackupRestoration (0ms)
========================================================================
Worker process is ready to serve import requests
Begin MonoManager ReloadAssembly
- Loaded All Assemblies, in  0.646 seconds
Refreshing native plugins compatible for Editor in 3.33 ms, found 7 plugins.
Native extension for WindowsStandalone target not found
Native extension for Android target not found
Package Manager log level set to [2]
[Package Manager] Server::EnsureServerProcessIsRunning -- launch failed, reason: Unity was launched with the -noUpm command-line argument
[Package Manager] UpmClient::Send -- Unable to send message (not connected to UPM process).
[Package Manager] Cannot connect to Unity Package Manager local server
[Package Manager] Server::EnsureServerProcessIsRunning -- launch failed, reason: Unity was launched with the -noUpm command-line argument
[Package Manager] UpmClient::Send -- Unable to send message (not connected to UPM process).
[Package Manager] Cannot connect to Unity Package Manager local server
Mono: successfully reloaded assembly
- Finished resetting the current domain, in  0.610 seconds
Domain Reload Profiling: 1257ms
	BeginReloadAssembly (152ms)
		ExecutionOrderSort (0ms)
		DisableScriptedObjects (5ms)
		BackupInstance (0ms)
		ReleaseScriptingObjects (0ms)
		CreateAndSetChildDomain (22ms)
	RebuildCommonClasses (31ms)
	RebuildNativeTypeToScriptingClass (12ms)
	initialDomainReloadingComplete (44ms)
	LoadAllAssembliesAndSetupDomain (406ms)
		LoadAssemblies (289ms)
		RebuildTransferFunctionScriptingTraits (0ms)
		AnalyzeDomain (211ms)
			TypeCache.Refresh (185ms)
				TypeCache.ScanAssembly (165ms)
			ScanForSourceGeneratedMonoScriptInfo (18ms)
			ResolveRequiredComponents (6ms)
	FinalizeReload (611ms)
		ReleaseScriptCaches (0ms)
		RebuildScriptCaches (0ms)
		SetupLoadedEditorAssemblies (381ms)
			LogAssemblyErrors (0ms)
			InitializePlatformSupportModulesInManaged (21ms)
			SetLoadedEditorAssemblies (3ms)
			RefreshPlugins (0ms)
			BeforeProcessingInitializeOnLoad (51ms)
			ProcessInitializeOnLoadAttributes (282ms)
			ProcessInitializeOnLoadMethodAttributes (23ms)
			AfterProcessingInitializeOnLoad (2ms)
			EditorAssembliesLoaded (0ms)
		ExecutionOrderSort2 (0ms)
		AwakeInstancesAfterBackupRestoration (6ms)
Launched and connected shader compiler UnityShaderCompiler.exe after 0.03 seconds
Refreshing native plugins compatible for Editor in 4.95 ms, found 7 plugins.
Preloading 0 native plugins for Editor in 0.00 ms.
Unloading 4027 Unused Serialized files (Serialized files now loaded: 0)
Unloading 68 unused Assets / (1.9 MB). Loaded Objects now: 4614.
Memory consumption went from 208.2 MB to 206.3 MB.
Total: 5.807200 ms (FindLiveObjects: 0.560400 ms CreateObjectMapping: 0.467500 ms MarkObjects: 3.973000 ms  DeleteObjects: 0.805200 ms)

AssetImportParameters requested are different than current active one (requested -> active):
  custom:container-demuxer-ogg: 62fdf1f143b41e24485cea50d1cbac27 -> 
  custom:video-decoder-ogg-theora: a1e56fd34408186e4bbccfd4996cb3dc -> 
  custom:framework-win-MediaFoundation: 216162199b28c13a410421893ffa2e32 -> 
  custom:CustomObjectIndexerAttribute: 756ad292c208cfabdd7b50bc23989ffe -> 
  custom:container-demuxer-webm: 4f35f7cbe854078d1ac9338744f61a02 -> 
  custom:container-muxer-webm: aa71ff27fc2769a1b78a27578f13a17b -> 
  custom:video-decoder-webm-vp8: 9c59270c3fd7afecdb556c50c9e8de78 -> 
  custom:SearchIndexIgnoredProperties: e643bd26f0fe6173181afceb89e7c659 -> 
  custom:AudioImporter_EditorPlatform: d09bf68614088b80899f8185d706f6e7 -> 
  custom:video-encoder-webm-vp8: eb34c28f22e8b96e1ab97ce403110664 -> 
  custom:audio-decoder-ogg-vorbis: bf7c407c2cedff20999df2af8eb42d56 -> 
  custom:audio-encoder-webm-vorbis: bf7c407c2cedff20999df2af8eb42d56 -> 
========================================================================
Received Import Request.
  Time since last request: 218877.165304 seconds.
  path: Assets/Assets Packagemanager/Realistic Terrain Collection/Other/Skybox_Textures/DawnDusk/DawnDusk_front.tif
  artifactKey: Guid(0568ecdd797316641b0203860b3929d9) Importer(815301076,1909f56bfc062723c751e8b465ee728b)
Start importing Assets/Assets Packagemanager/Realistic Terrain Collection/Other/Skybox_Textures/DawnDusk/DawnDusk_front.tif using Guid(0568ecdd797316641b0203860b3929d9) Importer(815301076,1909f56bfc062723c751e8b465ee728b)  -> (artifact id: 'b35027f3ba9ce6aa185aaeb6ef5cb510') in 0.091277 seconds
Number of updated asset objects reloaded before import = 0
Number of asset objects unloaded after import = 2
========================================================================
Received Import Request.
  Time since last request: 0.000099 seconds.
  path: Assets/Assets Packagemanager/Fx Explosion Pack/Texture&Material/Other/Decal2.png
  artifactKey: Guid(dffe2c1a534bf804587dcf4e6b6ec02a) Importer(815301076,1909f56bfc062723c751e8b465ee728b)
Start importing Assets/Assets Packagemanager/Fx Explosion Pack/Texture&Material/Other/Decal2.png using Guid(dffe2c1a534bf804587dcf4e6b6ec02a) Importer(815301076,1909f56bfc062723c751e8b465ee728b)  -> (artifact id: 'c072133693ed448be3a4107bd2117578') in 0.031319 seconds
Number of updated asset objects reloaded before import = 0
Number of asset objects unloaded after import = 2
========================================================================
Received Import Request.
  Time since last request: 1.652464 seconds.
  path: Assets/Assets Packagemanager/Aura 2/Core/Data/Textures/Icons/DirectionalLightIcon.png
  artifactKey: Guid(6be92151762e10a44b5006c3805be0c0) Importer(815301076,1909f56bfc062723c751e8b465ee728b)
Start importing Assets/Assets Packagemanager/Aura 2/Core/Data/Textures/Icons/DirectionalLightIcon.png using Guid(6be92151762e10a44b5006c3805be0c0) Importer(815301076,1909f56bfc062723c751e8b465ee728b)  -> (artifact id: '5a8842e099eb298e80fef92b88a5231c') in 0.013677 seconds
Number of updated asset objects reloaded before import = 0
Number of asset objects unloaded after import = 2
========================================================================
Received Import Request.
  Time since last request: 0.002022 seconds.
  path: Assets/Assets Packagemanager/EasyRoads3D/textures/roads/dirtRoad_N.tga
  artifactKey: Guid(204662711dce8904e8cbca6412eff8e4) Importer(815301076,1909f56bfc062723c751e8b465ee728b)
Start importing Assets/Assets Packagemanager/EasyRoads3D/textures/roads/dirtRoad_N.tga using Guid(204662711dce8904e8cbca6412eff8e4) Importer(815301076,1909f56bfc062723c751e8b465ee728b)  -> (artifact id: '700ef00c6afdc8eb742e76c124a89aaa') in 0.021214 seconds
Number of updated asset objects reloaded before import = 0
Number of asset objects unloaded after import = 2
========================================================================
Received Import Request.
  Time since last request: 0.033793 seconds.
  path: Assets/Assets Packagemanager/Aura 2/Core/Data/Textures/Icons/ExperimentalIcon.png
  artifactKey: Guid(91aab3fee7bb9204babe50b2a62dbd99) Importer(815301076,1909f56bfc062723c751e8b465ee728b)
Start importing Assets/Assets Packagemanager/Aura 2/Core/Data/Textures/Icons/ExperimentalIcon.png using Guid(91aab3fee7bb9204babe50b2a62dbd99) Importer(815301076,1909f56bfc062723c751e8b465ee728b)  -> (artifact id: '13ff10558b7cc3e9aa791e8d22fe1806') in 0.012979 seconds
Number of updated asset objects reloaded before import = 0
Number of asset objects unloaded after import = 2
========================================================================
Received Import Request.
  Time since last request: 0.000015 seconds.
  path: Assets/Assets Packagemanager/Fx Explosion Pack/Texture&Material/Explosion/Explosion2.png
  artifactKey: Guid(94dc2a95d6cb5ba498382787674deb30) Importer(815301076,1909f56bfc062723c751e8b465ee728b)
Start importing Assets/Assets Packagemanager/Fx Explosion Pack/Texture&Material/Explosion/Explosion2.png using Guid(94dc2a95d6cb5ba498382787674deb30) Importer(815301076,1909f56bfc062723c751e8b465ee728b)  -> (artifact id: 'a0585b3d768a637a693edfd419466bf1') in 0.015521 seconds
Number of updated asset objects reloaded before import = 0
Number of asset objects unloaded after import = 2
========================================================================
Received Import Request.
  Time since last request: 0.000022 seconds.
  path: Assets/Assets Packagemanager/Fx Explosion Pack/Texture&Material/Explosion/Explosion4.png
  artifactKey: Guid(611060e8b04ab5d419f75e382ae7657e) Importer(815301076,1909f56bfc062723c751e8b465ee728b)
Start importing Assets/Assets Packagemanager/Fx Explosion Pack/Texture&Material/Explosion/Explosion4.png using Guid(611060e8b04ab5d419f75e382ae7657e) Importer(815301076,1909f56bfc062723c751e8b465ee728b)  -> (artifact id: '23e18df39f932eacc0d6bf14c43244e1') in 0.015237 seconds
Number of updated asset objects reloaded before import = 0
Number of asset objects unloaded after import = 2
========================================================================
Received Import Request.
  Time since last request: 0.038800 seconds.
  path: Assets/Assets Packagemanager/Aura 2/Core/Data/Textures/Icons/ExtinctionIcon.png
  artifactKey: Guid(f026c9c37b8a4574682c873aab67e44e) Importer(815301076,1909f56bfc062723c751e8b465ee728b)
Start importing Assets/Assets Packagemanager/Aura 2/Core/Data/Textures/Icons/ExtinctionIcon.png using Guid(f026c9c37b8a4574682c873aab67e44e) Importer(815301076,1909f56bfc062723c751e8b465ee728b)  -> (artifact id: '30979754ce3b13d65084f50641c380e0') in 0.013237 seconds
Number of updated asset objects reloaded before import = 0
Number of asset objects unloaded after import = 2
========================================================================
Received Import Request.
  Time since last request: 0.000025 seconds.
  path: Assets/Assets Packagemanager/Aura 2/Core/Data/Textures/Icons/FocusIcon.png
  artifactKey: Guid(a5c8a4224dcfc7546a77f48406c3fd43) Importer(815301076,1909f56bfc062723c751e8b465ee728b)
Start importing Assets/Assets Packagemanager/Aura 2/Core/Data/Textures/Icons/FocusIcon.png using Guid(a5c8a4224dcfc7546a77f48406c3fd43) Importer(815301076,1909f56bfc062723c751e8b465ee728b)  -> (artifact id: 'e43a9c463a372e35c0fe668978282f7d') in 0.013539 seconds
Number of updated asset objects reloaded before import = 0
Number of asset objects unloaded after import = 2
========================================================================
Received Import Request.
  Time since last request: 0.026779 seconds.
  path: Assets/Assets Packagemanager/Realistic Terrain Collection/Other/Textures/ForestFloor/forest_floor_normal.png
  artifactKey: Guid(1edd761d48ed9d340be32e4f47b18ce9) Importer(815301076,1909f56bfc062723c751e8b465ee728b)
Start importing Assets/Assets Packagemanager/Realistic Terrain Collection/Other/Textures/ForestFloor/forest_floor_normal.png using Guid(1edd761d48ed9d340be32e4f47b18ce9) Importer(815301076,1909f56bfc062723c751e8b465ee728b)  -> (artifact id: '80a1cbf3f3daea6bdc7699b728e3bdda') in 0.014030 seconds
Number of updated asset objects reloaded before import = 0
Number of asset objects unloaded after import = 2
========================================================================
Received Import Request.
  Time since last request: 0.000028 seconds.
  path: Assets/Assets Packagemanager/DreamForestTree/Textures/Ground/Grass 1 N.psd
  artifactKey: Guid(cd0df4b4b7ec579499800f972de7875c) Importer(815301076,1909f56bfc062723c751e8b465ee728b)
Start importing Assets/Assets Packagemanager/DreamForestTree/Textures/Ground/Grass 1 N.psd using Guid(cd0df4b4b7ec579499800f972de7875c) Importer(815301076,1909f56bfc062723c751e8b465ee728b)  -> (artifact id: '5931f7852461a19da25b8405920037e9') in 0.014156 seconds
Number of updated asset objects reloaded before import = 0
Number of asset objects unloaded after import = 2
========================================================================
Received Import Request.
  Time since last request: 1.522533 seconds.
  path: Assets/Assets Packagemanager/DreamForestTree/Textures/Grass/grass plant 1.png
  artifactKey: Guid(0705cfa7ef11ef4438997bbfd18fdbd1) Importer(815301076,1909f56bfc062723c751e8b465ee728b)
Start importing Assets/Assets Packagemanager/DreamForestTree/Textures/Grass/grass plant 1.png using Guid(0705cfa7ef11ef4438997bbfd18fdbd1) Importer(815301076,1909f56bfc062723c751e8b465ee728b)  -> (artifact id: '4960d057f8090692c2c651729b5f1ad9') in 0.014823 seconds
Number of updated asset objects reloaded before import = 0
Number of asset objects unloaded after import = 2
========================================================================
Received Import Request.
  Time since last request: 0.000195 seconds.
  path: Assets/Assets Packagemanager/DreamForestTree/Textures/Grass/grass plant 3.png
  artifactKey: Guid(2eace3a6a0d7102448747a73ea654913) Importer(815301076,1909f56bfc062723c751e8b465ee728b)
Start importing Assets/Assets Packagemanager/DreamForestTree/Textures/Grass/grass plant 3.png using Guid(2eace3a6a0d7102448747a73ea654913) Importer(815301076,1909f56bfc062723c751e8b465ee728b)  -> (artifact id: 'aeba10be01841faf08560cc91c0c1528') in 0.016247 seconds
Number of updated asset objects reloaded before import = 0
Number of asset objects unloaded after import = 2
========================================================================
Received Import Request.
  Time since last request: 0.029500 seconds.
  path: Assets/Assets Packagemanager/Realistic Terrain Collection/Other/Textures/GrassStraw/grass_straw_normal.png
  artifactKey: Guid(b33f6005d605f0f4c9da6a3a71aef7b2) Importer(815301076,1909f56bfc062723c751e8b465ee728b)
Start importing Assets/Assets Packagemanager/Realistic Terrain Collection/Other/Textures/GrassStraw/grass_straw_normal.png using Guid(b33f6005d605f0f4c9da6a3a71aef7b2) Importer(815301076,1909f56bfc062723c751e8b465ee728b)  -> (artifact id: 'd8ffed98c21a5077e409935e5b4a00a0') in 0.015517 seconds
Number of updated asset objects reloaded before import = 0
Number of asset objects unloaded after import = 2
========================================================================
Received Import Request.
  Time since last request: 0.000016 seconds.
  path: Assets/Assets Custom/Models/DDR Tower/hd_mle_UNI_013_WatchTower_AM_hd.dds
  artifactKey: Guid(ce86ac3594585fc4f90bb2092b225039) Importer(815301076,1909f56bfc062723c751e8b465ee728b)
Start importing Assets/Assets Custom/Models/DDR Tower/hd_mle_UNI_013_WatchTower_AM_hd.dds using Guid(ce86ac3594585fc4f90bb2092b225039) Importer(815301076,1909f56bfc062723c751e8b465ee728b)  -> (artifact id: '6d491a693a3902955e81f639f9ea6c5c') in 0.016736 seconds
Number of updated asset objects reloaded before import = 0
Number of asset objects unloaded after import = 2
========================================================================
Received Import Request.
  Time since last request: 0.033173 seconds.
  path: Assets/Assets Custom/Models/DDR Tower/hd_mle_UNI_013_WatchTower_GMM_hd.dds
  artifactKey: Guid(7ad8d490058747940aaee5e1f3952ef0) Importer(815301076,1909f56bfc062723c751e8b465ee728b)
Start importing Assets/Assets Custom/Models/DDR Tower/hd_mle_UNI_013_WatchTower_GMM_hd.dds using Guid(7ad8d490058747940aaee5e1f3952ef0) Importer(815301076,1909f56bfc062723c751e8b465ee728b)  -> (artifact id: 'f8b84f5daf2c7ed5cdafbdeee9baf1b0') in 0.013548 seconds
Number of updated asset objects reloaded before import = 0
Number of asset objects unloaded after import = 2
========================================================================
Received Import Request.
  Time since last request: 0.000037 seconds.
  path: Assets/Assets Packagemanager/Aura 2/Core/Data/Textures/Icons/IlluminationColorIcon.png
  artifactKey: Guid(9e7ae8da31c8f524d8d8d32a2e529e7b) Importer(815301076,1909f56bfc062723c751e8b465ee728b)
Start importing Assets/Assets Packagemanager/Aura 2/Core/Data/Textures/Icons/IlluminationColorIcon.png using Guid(9e7ae8da31c8f524d8d8d32a2e529e7b) Importer(815301076,1909f56bfc062723c751e8b465ee728b)  -> (artifact id: 'f5ff9a434c3ac82932453d03bf1c6397') in 0.014780 seconds
Number of updated asset objects reloaded before import = 0
Number of asset objects unloaded after import = 2
========================================================================
Received Import Request.
  Time since last request: 1.230681 seconds.
  path: Assets/Assets Custom/Models/T-72M1/textures/lambert2_metallicRoughness.png
  artifactKey: Guid(651074e26cd183f4081fc3af4f9267f6) Importer(815301076,1909f56bfc062723c751e8b465ee728b)
Start importing Assets/Assets Custom/Models/T-72M1/textures/lambert2_metallicRoughness.png using Guid(651074e26cd183f4081fc3af4f9267f6) Importer(815301076,1909f56bfc062723c751e8b465ee728b)  -> (artifact id: '58610f62673fc2d0326d4c42001cdc16') in 0.019279 seconds
Number of updated asset objects reloaded before import = 0
Number of asset objects unloaded after import = 2
========================================================================
Received Import Request.
  Time since last request: 0.000027 seconds.
  path: Assets/Assets Custom/Models/T-MI 42 Anti-Tank Mine/textures/landmine_lambert1_Normal.png
  artifactKey: Guid(9f325c52c0621094e9cbd62817d4d358) Importer(815301076,1909f56bfc062723c751e8b465ee728b)
Start importing Assets/Assets Custom/Models/T-MI 42 Anti-Tank Mine/textures/landmine_lambert1_Normal.png using Guid(9f325c52c0621094e9cbd62817d4d358) Importer(815301076,1909f56bfc062723c751e8b465ee728b)  -> (artifact id: '3a4b2b3625501b2ef4a0cf814048b2ba') in 0.021876 seconds
Number of updated asset objects reloaded before import = 0
Number of asset objects unloaded after import = 2
========================================================================
Received Import Request.
  Time since last request: 0.018974 seconds.
  path: Assets/Assets Packagemanager/DreamForestTree/PostProcessing/Resources/Bluenoise64/LDR_LLL1_2.png
  artifactKey: Guid(a469f920b21fc7c4fb5b950917ce2fb2) Importer(815301076,1909f56bfc062723c751e8b465ee728b)
Start importing Assets/Assets Packagemanager/DreamForestTree/PostProcessing/Resources/Bluenoise64/LDR_LLL1_2.png using Guid(a469f920b21fc7c4fb5b950917ce2fb2) Importer(815301076,1909f56bfc062723c751e8b465ee728b)  -> (artifact id: '88739632cc7041e795963d8164095617') in 0.014845 seconds
Number of updated asset objects reloaded before import = 0
Number of asset objects unloaded after import = 2
========================================================================
Received Import Request.
  Time since last request: 0.003838 seconds.
  path: Assets/Assets Packagemanager/DreamForestTree/PostProcessing/Resources/Bluenoise64/LDR_LLL1_6.png
  artifactKey: Guid(79b86f3419b87f3429164a956da8cfab) Importer(815301076,1909f56bfc062723c751e8b465ee728b)
Start importing Assets/Assets Packagemanager/DreamForestTree/PostProcessing/Resources/Bluenoise64/LDR_LLL1_6.png using Guid(79b86f3419b87f3429164a956da8cfab) Importer(815301076,1909f56bfc062723c751e8b465ee728b)  -> (artifact id: 'b86ce9cbc77e3375368ae3f8a2a3891c') in 0.013738 seconds
Number of updated asset objects reloaded before import = 0
Number of asset objects unloaded after import = 2
========================================================================
Received Import Request.
  Time since last request: 3.447592 seconds.
  path: Assets/Assets Packagemanager/DreamForestTree/PostProcessing/Resources/Bluenoise64/LDR_LLL1_49.png
  artifactKey: Guid(3f7c3687170b90e4a8d2ee6b142670f4) Importer(815301076,1909f56bfc062723c751e8b465ee728b)
Start importing Assets/Assets Packagemanager/DreamForestTree/PostProcessing/Resources/Bluenoise64/LDR_LLL1_49.png using Guid(3f7c3687170b90e4a8d2ee6b142670f4) Importer(815301076,1909f56bfc062723c751e8b465ee728b)  -> (artifact id: '4bca24a21d751762c03d768ac29dc978') in 0.010489 seconds
Number of updated asset objects reloaded before import = 0
Number of asset objects unloaded after import = 2
========================================================================
Received Import Request.
  Time since last request: 0.243294 seconds.
  path: Assets/Assets Packagemanager/DreamForestTree/Textures/Trees/leaf 1 Trans.psd
  artifactKey: Guid(22e112fe5cfb2fd4b9ee61071aba8f13) Importer(815301076,1909f56bfc062723c751e8b465ee728b)
Start importing Assets/Assets Packagemanager/DreamForestTree/Textures/Trees/leaf 1 Trans.psd using Guid(22e112fe5cfb2fd4b9ee61071aba8f13) Importer(815301076,1909f56bfc062723c751e8b465ee728b)  -> (artifact id: 'd55c94fc0970fc07814edbf923be811d') in 0.021834 seconds
Number of updated asset objects reloaded before import = 0
Number of asset objects unloaded after import = 2
========================================================================
Received Import Request.
  Time since last request: 0.061398 seconds.
  path: Assets/Assets Packagemanager/Aura 2/Core/Data/Textures/Icons/LightGizmoIcon.png
  artifactKey: Guid(8f52544825150eb4f97911a138e0f454) Importer(815301076,1909f56bfc062723c751e8b465ee728b)
Start importing Assets/Assets Packagemanager/Aura 2/Core/Data/Textures/Icons/LightGizmoIcon.png using Guid(8f52544825150eb4f97911a138e0f454) Importer(815301076,1909f56bfc062723c751e8b465ee728b)  -> (artifact id: 'a91cc581b079890c3403cfb5e15371ad') in 0.012737 seconds
Number of updated asset objects reloaded before import = 0
Number of asset objects unloaded after import = 2
========================================================================
Received Import Request.
  Time since last request: 0.000049 seconds.
  path: Assets/Assets Custom/Models/NATO Speakers/textures/loudSpeak_Base_Color.png
  artifactKey: Guid(e6b927f0e9a6ee249b07fd53bfb18692) Importer(815301076,1909f56bfc062723c751e8b465ee728b)
Start importing Assets/Assets Custom/Models/NATO Speakers/textures/loudSpeak_Base_Color.png using Guid(e6b927f0e9a6ee249b07fd53bfb18692) Importer(815301076,1909f56bfc062723c751e8b465ee728b)  -> (artifact id: 'a01cc6547138ff8aacbfcfa2289da538') in 0.013958 seconds
Number of updated asset objects reloaded before import = 0
Number of asset objects unloaded after import = 2
========================================================================
Received Import Request.
  Time since last request: 0.000044 seconds.
  path: Assets/Assets Custom/Models/NATO Speakers/textures/loudSpeak_Normal_DirectX.png
  artifactKey: Guid(bb1079597fdb8084182e46d80b64f4ab) Importer(815301076,1909f56bfc062723c751e8b465ee728b)
Start importing Assets/Assets Custom/Models/NATO Speakers/textures/loudSpeak_Normal_DirectX.png using Guid(bb1079597fdb8084182e46d80b64f4ab) Importer(815301076,1909f56bfc062723c751e8b465ee728b)  -> (artifact id: '3535a8e1679aa3a75b88769f511bcb28') in 0.013946 seconds
Number of updated asset objects reloaded before import = 0
Number of asset objects unloaded after import = 2
========================================================================
Received Import Request.
  Time since last request: 0.049458 seconds.
  path: Assets/Assets Packagemanager/EasyRoads3D/textures/editor/m_roads.png
  artifactKey: Guid(32e963efb91d19147842f8bd95d6ac56) Importer(815301076,1909f56bfc062723c751e8b465ee728b)
Start importing Assets/Assets Packagemanager/EasyRoads3D/textures/editor/m_roads.png using Guid(32e963efb91d19147842f8bd95d6ac56) Importer(815301076,1909f56bfc062723c751e8b465ee728b)  -> (artifact id: '321458d8b8d6651561d5da4e9a0415a7') in 0.032035 seconds
Number of updated asset objects reloaded before import = 0
Number of asset objects unloaded after import = 3
========================================================================
Received Import Request.
  Time since last request: 3.070777 seconds.
  path: Assets/Assets Packagemanager/Aura 2/Core/Data/Textures/Icons/NoiseIcon.png
  artifactKey: Guid(cd3f43586c0ac8b48812870026a4b5bb) Importer(815301076,1909f56bfc062723c751e8b465ee728b)
Start importing Assets/Assets Packagemanager/Aura 2/Core/Data/Textures/Icons/NoiseIcon.png using Guid(cd3f43586c0ac8b48812870026a4b5bb) Importer(815301076,1909f56bfc062723c751e8b465ee728b)  -> (artifact id: '65a732a13fcf71e36914a0b7207e2fdc') in 0.013007 seconds
Number of updated asset objects reloaded before import = 0
Number of asset objects unloaded after import = 2
========================================================================
Received Import Request.
  Time since last request: 0.024504 seconds.
  path: Assets/Assets Packagemanager/DreamForestTree/TreesModels/RedWood 2_Textures/normal_specular.png
  artifactKey: Guid(1143194b37a192447bafd749605c1387) Importer(815301076,1909f56bfc062723c751e8b465ee728b)
Start importing Assets/Assets Packagemanager/DreamForestTree/TreesModels/RedWood 2_Textures/normal_specular.png using Guid(1143194b37a192447bafd749605c1387) Importer(815301076,1909f56bfc062723c751e8b465ee728b)  -> (artifact id: '6fae51acc7d9ec42fc85451751e2e0e2') in 0.014388 seconds
Number of updated asset objects reloaded before import = 0
Number of asset objects unloaded after import = 2
========================================================================
Received Import Request.
  Time since last request: 0.000014 seconds.
  path: Assets/Assets Packagemanager/DreamForestTree/TreesModels/bush 1_Textures/normal_specular.png
  artifactKey: Guid(c7a8a1a5c6b940444901716129dc4e1e) Importer(815301076,1909f56bfc062723c751e8b465ee728b)
Start importing Assets/Assets Packagemanager/DreamForestTree/TreesModels/bush 1_Textures/normal_specular.png using Guid(c7a8a1a5c6b940444901716129dc4e1e) Importer(815301076,1909f56bfc062723c751e8b465ee728b)  -> (artifact id: 'a53dc43111eb2e1d2ae381ed022cf1d8') in 0.015106 seconds
Number of updated asset objects reloaded before import = 0
Number of asset objects unloaded after import = 2
========================================================================
Received Import Request.
  Time since last request: 0.802267 seconds.
  path: Assets/Assets Packagemanager/OpenCV+Unity/Demo/Document_Scanner/Resources/DocumentScanner/PostageStamps.jpg
  artifactKey: Guid(4488cb38cd75ce0429dc291a45eb8de3) Importer(815301076,1909f56bfc062723c751e8b465ee728b)
Start importing Assets/Assets Packagemanager/OpenCV+Unity/Demo/Document_Scanner/Resources/DocumentScanner/PostageStamps.jpg using Guid(4488cb38cd75ce0429dc291a45eb8de3) Importer(815301076,1909f56bfc062723c751e8b465ee728b)  -> (artifact id: 'cabdc543107b02c47c624d051ee272c4') in 0.020482 seconds
Number of updated asset objects reloaded before import = 0
Number of asset objects unloaded after import = 2
========================================================================
Received Import Request.
  Time since last request: 0.001327 seconds.
  path: Assets/Assets Packagemanager/ModularFirstPersonController/DemoScene/Gridbox Prototype Materials/Resources/Textures/Prototype Grid/prototype_512x512_blue1.png
  artifactKey: Guid(44cced520ecfd9f4292979a4fe8268c4) Importer(815301076,1909f56bfc062723c751e8b465ee728b)
Start importing Assets/Assets Packagemanager/ModularFirstPersonController/DemoScene/Gridbox Prototype Materials/Resources/Textures/Prototype Grid/prototype_512x512_blue1.png using Guid(44cced520ecfd9f4292979a4fe8268c4) Importer(815301076,1909f56bfc062723c751e8b465ee728b)  -> (artifact id: 'ef13be8befe19b414c8afbfc85f30c23') in 0.012812 seconds
Number of updated asset objects reloaded before import = 0
Number of asset objects unloaded after import = 2
========================================================================
Received Import Request.
  Time since last request: 0.131255 seconds.
  path: Assets/Assets Packagemanager/Aura 2/Core/Data/Textures/Icons/QualitySettingsPresetIcon.png
  artifactKey: Guid(4aee166fc651c664c86cd723994f8a81) Importer(815301076,1909f56bfc062723c751e8b465ee728b)
Start importing Assets/Assets Packagemanager/Aura 2/Core/Data/Textures/Icons/QualitySettingsPresetIcon.png using Guid(4aee166fc651c664c86cd723994f8a81) Importer(815301076,1909f56bfc062723c751e8b465ee728b)  -> (artifact id: '26d673b65ce720c3af12a49f60b8a8d5') in 0.014327 seconds
Number of updated asset objects reloaded before import = 0
Number of asset objects unloaded after import = 2
========================================================================
Received Import Request.
  Time since last request: 1.731849 seconds.
  path: Assets/Assets Packagemanager/Aura 2/Core/Data/Textures/Icons/RemoveIcon.png
  artifactKey: Guid(ed49d06dc2d240946b71580c34185c33) Importer(815301076,1909f56bfc062723c751e8b465ee728b)
Start importing Assets/Assets Packagemanager/Aura 2/Core/Data/Textures/Icons/RemoveIcon.png using Guid(ed49d06dc2d240946b71580c34185c33) Importer(815301076,1909f56bfc062723c751e8b465ee728b)  -> (artifact id: '6a59a29ddd5332a69379d9ef5caacf99') in 0.012110 seconds
Number of updated asset objects reloaded before import = 0
Number of asset objects unloaded after import = 2
========================================================================
Received Import Request.
  Time since last request: 0.006662 seconds.
  path: Assets/Assets Packagemanager/EasyRoads3D/textures/roads/road_N.png
  artifactKey: Guid(3bb3d8b07d371eb40a0cb6c7b33f0837) Importer(815301076,1909f56bfc062723c751e8b465ee728b)
Start importing Assets/Assets Packagemanager/EasyRoads3D/textures/roads/road_N.png using Guid(3bb3d8b07d371eb40a0cb6c7b33f0837) Importer(815301076,1909f56bfc062723c751e8b465ee728b)  -> (artifact id: 'a5073cf328e3a9233b2b99d6750b87b4') in 0.016528 seconds
Number of updated asset objects reloaded before import = 0
Number of asset objects unloaded after import = 2
========================================================================
Received Import Request.
  Time since last request: 0.014883 seconds.
  path: Assets/Assets Packagemanager/DreamForestTree/TreesModels/RedWood 3_Textures/shadow.png
  artifactKey: Guid(71062ee7019f6d34394e6ab917305648) Importer(815301076,1909f56bfc062723c751e8b465ee728b)
Start importing Assets/Assets Packagemanager/DreamForestTree/TreesModels/RedWood 3_Textures/shadow.png using Guid(71062ee7019f6d34394e6ab917305648) Importer(815301076,1909f56bfc062723c751e8b465ee728b)  -> (artifact id: '71ccdabbb28784c46b23a8992172a513') in 0.014135 seconds
Number of updated asset objects reloaded before import = 0
Number of asset objects unloaded after import = 2
========================================================================
Received Import Request.
  Time since last request: 0.000098 seconds.
  path: Assets/Assets Packagemanager/DreamForestTree/TreesModels/RedWood 5_Textures/shadow.png
  artifactKey: Guid(6af796a350110b242a37fd6cf05eeb0f) Importer(815301076,1909f56bfc062723c751e8b465ee728b)
Start importing Assets/Assets Packagemanager/DreamForestTree/TreesModels/RedWood 5_Textures/shadow.png using Guid(6af796a350110b242a37fd6cf05eeb0f) Importer(815301076,1909f56bfc062723c751e8b465ee728b)  -> (artifact id: '4286cb9e721490a626c37de0edff051e') in 0.010120 seconds
Number of updated asset objects reloaded before import = 0
Number of asset objects unloaded after import = 2
========================================================================
Received Import Request.
  Time since last request: 0.011031 seconds.
  path: Assets/Assets Packagemanager/Aura 2/Core/Data/Textures/Icons/ShapeMiniIcon.png
  artifactKey: Guid(37424f7de7188574ca135bd1d1e9c768) Importer(815301076,1909f56bfc062723c751e8b465ee728b)
Start importing Assets/Assets Packagemanager/Aura 2/Core/Data/Textures/Icons/ShapeMiniIcon.png using Guid(37424f7de7188574ca135bd1d1e9c768) Importer(815301076,1909f56bfc062723c751e8b465ee728b)  -> (artifact id: '811f555db9add7ff809d98cf5d5bab99') in 0.012964 seconds
Number of updated asset objects reloaded before import = 0
Number of asset objects unloaded after import = 2
========================================================================
Received Import Request.
  Time since last request: 0.000013 seconds.
  path: Assets/Assets Packagemanager/OpenCV+Unity/Demo/Identifiy_Contours_by_Shape/someshapes.jpg
  artifactKey: Guid(dedfcd8650316ce499bce48798315ff0) Importer(815301076,1909f56bfc062723c751e8b465ee728b)
Start importing Assets/Assets Packagemanager/OpenCV+Unity/Demo/Identifiy_Contours_by_Shape/someshapes.jpg using Guid(dedfcd8650316ce499bce48798315ff0) Importer(815301076,1909f56bfc062723c751e8b465ee728b)  -> (artifact id: '00559532e4f6d341ceef7fc442361b4e') in 0.012461 seconds
Number of updated asset objects reloaded before import = 0
Number of asset objects unloaded after import = 2
========================================================================
Received Import Request.
  Time since last request: 0.000013 seconds.
  path: Assets/Assets Packagemanager/Realistic Terrain Collection/Other/Textures/SolidRock/solid_rock.jpg
  artifactKey: Guid(44e52a099b6d23a4bac8cb026b7dca15) Importer(815301076,1909f56bfc062723c751e8b465ee728b)
Start importing Assets/Assets Packagemanager/Realistic Terrain Collection/Other/Textures/SolidRock/solid_rock.jpg using Guid(44e52a099b6d23a4bac8cb026b7dca15) Importer(815301076,1909f56bfc062723c751e8b465ee728b)  -> (artifact id: 'bed61f9a5849f0e5a53cbb346cd79de7') in 0.013624 seconds
Number of updated asset objects reloaded before import = 0
Number of asset objects unloaded after import = 2
========================================================================
Received Import Request.
  Time since last request: 0.000085 seconds.
  path: Assets/Assets Packagemanager/DreamForestTree/PostProcessing/Textures/Spectral LUTs/SpectralLut_BlueRed.tga
  artifactKey: Guid(318cbcd94840f1d48aca4d86234dc2e7) Importer(815301076,1909f56bfc062723c751e8b465ee728b)
Start importing Assets/Assets Packagemanager/DreamForestTree/PostProcessing/Textures/Spectral LUTs/SpectralLut_BlueRed.tga using Guid(318cbcd94840f1d48aca4d86234dc2e7) Importer(815301076,1909f56bfc062723c751e8b465ee728b)  -> (artifact id: '1ab73a9ca9b28da096832dc85deb0908') in 0.011744 seconds
Number of updated asset objects reloaded before import = 0
Number of asset objects unloaded after import = 2
========================================================================
Received Import Request.
  Time since last request: 0.034650 seconds.
  path: Assets/Assets Packagemanager/DreamForestTree/TerrainData/DemoTerrain.asset
  artifactKey: Guid(d486a6d8040efc6458c17817e8b77dc1) Importer(815301076,1909f56bfc062723c751e8b465ee728b)
Start importing Assets/Assets Packagemanager/DreamForestTree/TerrainData/DemoTerrain.asset using Guid(d486a6d8040efc6458c17817e8b77dc1) Importer(815301076,1909f56bfc062723c751e8b465ee728b)  -> (artifact id: 'f54b99587e9bfdeaf8f420c0fd69774c') in 0.132453 seconds
Number of updated asset objects reloaded before import = 0
Number of asset objects unloaded after import = 83
========================================================================
Received Import Request.
  Time since last request: 0.000026 seconds.
  path: Assets/Assets Packagemanager/DreamForestTree/TerrainData/TerrainData_5032996c-3162-4a39-9bfb-2ed5e2b7d28f.asset
  artifactKey: Guid(9c89a379455df004eb775398713b43cf) Importer(815301076,1909f56bfc062723c751e8b465ee728b)
Start importing Assets/Assets Packagemanager/DreamForestTree/TerrainData/TerrainData_5032996c-3162-4a39-9bfb-2ed5e2b7d28f.asset using Guid(9c89a379455df004eb775398713b43cf) Importer(815301076,1909f56bfc062723c751e8b465ee728b)  -> (artifact id: '6a774d18b69bcbcdbd1a75e820012b31') in 0.096928 seconds
Number of updated asset objects reloaded before import = 0
Number of asset objects unloaded after import = 3
========================================================================
Received Import Request.
  Time since last request: 4.642819 seconds.
  path: Assets/Assets Packagemanager/DreamForestTree/TerrainData/TerrainData_686f0462-5c3a-4ece-8ab6-610421393c9e.asset
  artifactKey: Guid(ff014d8f7b7ab124ebb59f33a3c8114d) Importer(815301076,1909f56bfc062723c751e8b465ee728b)
Start importing Assets/Assets Packagemanager/DreamForestTree/TerrainData/TerrainData_686f0462-5c3a-4ece-8ab6-610421393c9e.asset using Guid(ff014d8f7b7ab124ebb59f33a3c8114d) Importer(815301076,1909f56bfc062723c751e8b465ee728b)  -> (artifact id: 'ecae67ef3072f773edbb4fae1087cd9e') in 0.072412 seconds
Number of updated asset objects reloaded before import = 0
Number of asset objects unloaded after import = 3
========================================================================
Received Import Request.
  Time since last request: 0.000058 seconds.
  path: Assets/Assets Packagemanager/Realistic Terrain Collection/Terrains/Terrain2/High Resolution_2.asset
  artifactKey: Guid(50938e48e591c0c4cbd00805ce50c6f2) Importer(815301076,1909f56bfc062723c751e8b465ee728b)
Start importing Assets/Assets Packagemanager/Realistic Terrain Collection/Terrains/Terrain2/High Resolution_2.asset using Guid(50938e48e591c0c4cbd00805ce50c6f2) Importer(815301076,1909f56bfc062723c751e8b465ee728b)  -> (artifact id: '28aaafb7d8b151f076be308612900fcf') in 0.140929 seconds
Number of updated asset objects reloaded before import = 0
Number of asset objects unloaded after import = 3
========================================================================
Received Import Request.
  Time since last request: 0.000022 seconds.
  path: Assets/Assets Packagemanager/EasyRoads3D/EasyRoads3D scenes/Terrain Assets/EasyRoads3D Terrain.asset
  artifactKey: Guid(74d798927bbdfd943b2206e8fe96f93a) Importer(815301076,1909f56bfc062723c751e8b465ee728b)
Start importing Assets/Assets Packagemanager/EasyRoads3D/EasyRoads3D scenes/Terrain Assets/EasyRoads3D Terrain.asset using Guid(74d798927bbdfd943b2206e8fe96f93a) Importer(815301076,1909f56bfc062723c751e8b465ee728b)  -> (artifact id: 'fc0220860aafd8b7a50e2851e88cdb95') in 0.066569 seconds
Number of updated asset objects reloaded before import = 0
Number of asset objects unloaded after import = 3
========================================================================
Received Import Request.
  Time since last request: 0.177061 seconds.
  path: Assets/Assets Custom/Models/T-72M1/textures/Strips_baseColor.png
  artifactKey: Guid(b9deba57bdd25d34b939d5108edb0fd8) Importer(815301076,1909f56bfc062723c751e8b465ee728b)
Start importing Assets/Assets Custom/Models/T-72M1/textures/Strips_baseColor.png using Guid(b9deba57bdd25d34b939d5108edb0fd8) Importer(815301076,1909f56bfc062723c751e8b465ee728b)  -> (artifact id: '533f9d5a98eb687bae2f3629e2d0a3e4') in 0.018019 seconds
Number of updated asset objects reloaded before import = 0
Number of asset objects unloaded after import = 2
========================================================================
Received Import Request.
  Time since last request: 0.000025 seconds.
  path: Assets/Assets Custom/Models/DeerAndDoe/Deer_Textures/T_DeeDoe_BaseColor.png
  artifactKey: Guid(847941cea2aa4e646a9427097e854e81) Importer(815301076,1909f56bfc062723c751e8b465ee728b)
Start importing Assets/Assets Custom/Models/DeerAndDoe/Deer_Textures/T_DeeDoe_BaseColor.png using Guid(847941cea2aa4e646a9427097e854e81) Importer(815301076,1909f56bfc062723c751e8b465ee728b)  -> (artifact id: '97daad36f0e23a0d373a7b98a3f4945a') in 0.015253 seconds
Number of updated asset objects reloaded before import = 0
Number of asset objects unloaded after import = 2
========================================================================
Received Import Request.
  Time since last request: 0.030021 seconds.
  path: Assets/Assets Packagemanager/Aura 2/Core/Data/Textures/Icons/Texture3DIcon.png
  artifactKey: Guid(133b11dab7918fe45afe7fdba65c3654) Importer(815301076,1909f56bfc062723c751e8b465ee728b)
Start importing Assets/Assets Packagemanager/Aura 2/Core/Data/Textures/Icons/Texture3DIcon.png using Guid(133b11dab7918fe45afe7fdba65c3654) Importer(815301076,1909f56bfc062723c751e8b465ee728b)  -> (artifact id: 'b1c6d9e87ec6f3e269c836b2ee6cd021') in 0.012655 seconds
Number of updated asset objects reloaded before import = 0
Number of asset objects unloaded after import = 2
========================================================================
Received Import Request.
  Time since last request: 0.000087 seconds.
  path: Assets/Assets Packagemanager/Aura 2/Examples/Sources/Data/Textures/TorchBeam.psd
  artifactKey: Guid(b22fa74e427083a42ab9b48db4730131) Importer(815301076,1909f56bfc062723c751e8b465ee728b)
Start importing Assets/Assets Packagemanager/Aura 2/Examples/Sources/Data/Textures/TorchBeam.psd using Guid(b22fa74e427083a42ab9b48db4730131) Importer(815301076,1909f56bfc062723c751e8b465ee728b)  -> (artifact id: '9bbfae4d8fb49de1f8680222e6a45f41') in 0.013621 seconds
Number of updated asset objects reloaded before import = 0
Number of asset objects unloaded after import = 2
========================================================================
Received Import Request.
  Time since last request: 0.000019 seconds.
  path: Assets/Assets Packagemanager/Aura 2/Core/Data/Textures/Icons/ToggleOffHorizontalIcon.png
  artifactKey: Guid(419b3e7d99a1f3349a68d83d0a380a2f) Importer(815301076,1909f56bfc062723c751e8b465ee728b)
Start importing Assets/Assets Packagemanager/Aura 2/Core/Data/Textures/Icons/ToggleOffHorizontalIcon.png using Guid(419b3e7d99a1f3349a68d83d0a380a2f) Importer(815301076,1909f56bfc062723c751e8b465ee728b)  -> (artifact id: '8147697413fae59db4ed85b7ebed42bd') in 0.013777 seconds
Number of updated asset objects reloaded before import = 0
Number of asset objects unloaded after import = 2
========================================================================
Received Import Request.
  Time since last request: 0.000020 seconds.
  path: Assets/Assets Packagemanager/Aura 2/Core/Data/Textures/Icons/TextureIcon.png
  artifactKey: Guid(d9bd11406ae7be84690d8eb8f8384fd1) Importer(815301076,1909f56bfc062723c751e8b465ee728b)
Start importing Assets/Assets Packagemanager/Aura 2/Core/Data/Textures/Icons/TextureIcon.png using Guid(d9bd11406ae7be84690d8eb8f8384fd1) Importer(815301076,1909f56bfc062723c751e8b465ee728b)  -> (artifact id: 'a50585fab9f6201247d3b003b52cbe8c') in 0.012747 seconds
Number of updated asset objects reloaded before import = 0
Number of asset objects unloaded after import = 2
========================================================================
Received Import Request.
  Time since last request: 0.000019 seconds.
  path: Assets/Assets Packagemanager/Aura 2/Core/Data/Textures/Icons/TintIcon.png
  artifactKey: Guid(98869a78c010c384c861e7033a715a00) Importer(815301076,1909f56bfc062723c751e8b465ee728b)
Start importing Assets/Assets Packagemanager/Aura 2/Core/Data/Textures/Icons/TintIcon.png using Guid(98869a78c010c384c861e7033a715a00) Importer(815301076,1909f56bfc062723c751e8b465ee728b)  -> (artifact id: 'fe4629c6ca8bf69ded99f1d476c1cd7a') in 0.013514 seconds
Number of updated asset objects reloaded before import = 0
Number of asset objects unloaded after import = 2
========================================================================
Received Import Request.
  Time since last request: 0.947863 seconds.
  path: Assets/Assets Packagemanager/DreamForestTree/TreesModels/RedWood 3_Textures/translucency_gloss.png
  artifactKey: Guid(6faec6c4802f2124da0037e7520e1b92) Importer(815301076,1909f56bfc062723c751e8b465ee728b)
Start importing Assets/Assets Packagemanager/DreamForestTree/TreesModels/RedWood 3_Textures/translucency_gloss.png using Guid(6faec6c4802f2124da0037e7520e1b92) Importer(815301076,1909f56bfc062723c751e8b465ee728b)  -> (artifact id: 'ba5cab47ceed1028b671cc51818da2a4') in 0.047380 seconds
Number of updated asset objects reloaded before import = 0
Number of asset objects unloaded after import = 2
========================================================================
Received Import Request.
  Time since last request: 0.000017 seconds.
  path: Assets/Assets Custom/Models/T-72M1/textures/Turret_normal.png
  artifactKey: Guid(2abbcd363d810e34198ae0ed18a7744b) Importer(815301076,1909f56bfc062723c751e8b465ee728b)
Start importing Assets/Assets Custom/Models/T-72M1/textures/Turret_normal.png using Guid(2abbcd363d810e34198ae0ed18a7744b) Importer(815301076,1909f56bfc062723c751e8b465ee728b)  -> (artifact id: '143b20bf6639cb11f8d01519a07440a6') in 0.018270 seconds
Number of updated asset objects reloaded before import = 0
Number of asset objects unloaded after import = 2
========================================================================
Received Import Request.
  Time since last request: 0.034081 seconds.
  path: Assets/Assets Packagemanager/OpenCV+Unity/Demo/Document_Scanner/Resources/DocumentScanner/VisionSamples.jpg
  artifactKey: Guid(c365df716419b1042a52bd7905018991) Importer(815301076,1909f56bfc062723c751e8b465ee728b)
Start importing Assets/Assets Packagemanager/OpenCV+Unity/Demo/Document_Scanner/Resources/DocumentScanner/VisionSamples.jpg using Guid(c365df716419b1042a52bd7905018991) Importer(815301076,1909f56bfc062723c751e8b465ee728b)  -> (artifact id: 'eea553685674e83d279bd339339e6529') in 0.014443 seconds
Number of updated asset objects reloaded before import = 0
Number of asset objects unloaded after import = 2
========================================================================
Received Import Request.
  Time since last request: 0.000027 seconds.
  path: Assets/Assets Packagemanager/DreamForestTree/Textures/Water/water pool.psd
  artifactKey: Guid(e0d862c4fd71b3f479612a378d3a6d1f) Importer(815301076,1909f56bfc062723c751e8b465ee728b)
Start importing Assets/Assets Packagemanager/DreamForestTree/Textures/Water/water pool.psd using Guid(e0d862c4fd71b3f479612a378d3a6d1f) Importer(815301076,1909f56bfc062723c751e8b465ee728b)  -> (artifact id: '84ecf05f1c0ed47451a8a795719649b8') in 0.016824 seconds
Number of updated asset objects reloaded before import = 0
Number of asset objects unloaded after import = 2
========================================================================
Received Import Request.
  Time since last request: 28.022878 seconds.
  path: Assets/Assets Packagemanager/EasyRoads3D/EasyRoads3D scenes/Terrain Assets/layer_Grass ER.terrainlayer
  artifactKey: Guid(b649106d044cd744cacbcd3582ecebb6) Importer(815301076,1909f56bfc062723c751e8b465ee728b)
Start importing Assets/Assets Packagemanager/EasyRoads3D/EasyRoads3D scenes/Terrain Assets/layer_Grass ER.terrainlayer using Guid(b649106d044cd744cacbcd3582ecebb6) Importer(815301076,1909f56bfc062723c751e8b465ee728b)  -> (artifact id: '9466d13c274da225a8573e3d70cfab6e') in 0.015817 seconds
Number of updated asset objects reloaded before import = 0
Number of asset objects unloaded after import = 2
========================================================================
Received Import Request.
  Time since last request: 0.004412 seconds.
  path: Assets/_TerrainAutoUpgrade/layer_solid_rock_2solid_rock_2_normal312cdf1c675cb011.terrainlayer
  artifactKey: Guid(9a59189838617804f96772e47a507006) Importer(815301076,1909f56bfc062723c751e8b465ee728b)
Start importing Assets/_TerrainAutoUpgrade/layer_solid_rock_2solid_rock_2_normal312cdf1c675cb011.terrainlayer using Guid(9a59189838617804f96772e47a507006) Importer(815301076,1909f56bfc062723c751e8b465ee728b)  -> (artifact id: '5fdfd369fddf76e6fa19ddc8f0b0dec3') in 0.018472 seconds
Number of updated asset objects reloaded before import = 0
Number of asset objects unloaded after import = 4
Editor requested this worker to shutdown with reason: Scaling down because of idle timeout
TcpMessagingSession - receive error: operation aborted. errorcode: 995, details: The I/O operation has been aborted because of either a thread exit or an application request.
AssetImportWorker is now disconnected from the server
Process exiting
Exiting without the bug reporter. Application will terminate with return code 0