Using pre-set license
Built from '2022.3/staging' branch; Version is '2022.3.14f1 (eff2de9070d8) revision 15725278'; Using compiler version '192829333'; Build Type 'Release'
OS: 'Windows 11  (10.0.22621) 64bit Professional' Language: 'en' Physical Memory: 32630 MB
BatchMode: 1, IsHumanControllingUs: 0, StartBugReporterOnCrash: 0, Is64bit: 1, IsPro: 1

COMMAND LINE ARGUMENTS:
G:\Unity Engine\UnityEditors\2022.3.14f1\Editor\Unity.exe
-adb2
-batchMode
-noUpm
-name
AssetImportWorker1
-projectPath
G:/Git/SpiritOfTheWild/Pano
-logFile
Logs/AssetImportWorker1.log
-srvPort
60018
Successfully changed project path to: G:/Git/SpiritOfTheWild/Pano
G:/Git/SpiritOfTheWild/Pano
[UnityMemory] Configuration Parameters - Can be set up in boot.config
    "memorysetup-bucket-allocator-granularity=16"
    "memorysetup-bucket-allocator-bucket-count=8"
    "memorysetup-bucket-allocator-block-size=33554432"
    "memorysetup-bucket-allocator-block-count=8"
    "memorysetup-main-allocator-block-size=16777216"
    "memorysetup-thread-allocator-block-size=16777216"
    "memorysetup-gfx-main-allocator-block-size=16777216"
    "memorysetup-gfx-thread-allocator-block-size=16777216"
    "memorysetup-cache-allocator-block-size=4194304"
    "memorysetup-typetree-allocator-block-size=2097152"
    "memorysetup-profiler-bucket-allocator-granularity=16"
    "memorysetup-profiler-bucket-allocator-bucket-count=8"
    "memorysetup-profiler-bucket-allocator-block-size=33554432"
    "memorysetup-profiler-bucket-allocator-block-count=8"
    "memorysetup-profiler-allocator-block-size=16777216"
    "memorysetup-profiler-editor-allocator-block-size=1048576"
    "memorysetup-temp-allocator-size-main=16777216"
    "memorysetup-job-temp-allocator-block-size=2097152"
    "memorysetup-job-temp-allocator-block-size-background=1048576"
    "memorysetup-job-temp-allocator-reduction-small-platforms=262144"
    "memorysetup-allocator-temp-initial-block-size-main=262144"
    "memorysetup-allocator-temp-initial-block-size-worker=262144"
    "memorysetup-temp-allocator-size-background-worker=32768"
    "memorysetup-temp-allocator-size-job-worker=262144"
    "memorysetup-temp-allocator-size-preload-manager=33554432"
    "memorysetup-temp-allocator-size-nav-mesh-worker=65536"
    "memorysetup-temp-allocator-size-audio-worker=65536"
    "memorysetup-temp-allocator-size-cloud-worker=32768"
    "memorysetup-temp-allocator-size-gi-baking-worker=262144"
    "memorysetup-temp-allocator-size-gfx=262144"
Player connection [26200] Host "[IP] 192.168.100.23 [Port] 0 [Flags] 2 [Guid] 1163637400 [EditorId] 1163637400 [Version] 1048832 [Id] WindowsEditor(7,Arthena) [Debug] 1 [PackageName] WindowsEditor [ProjectName] Editor" joined multi-casting on [225.0.0.222:54997]...

Player connection [26200] Host "[IP] 192.168.100.23 [Port] 0 [Flags] 2 [Guid] 1163637400 [EditorId] 1163637400 [Version] 1048832 [Id] WindowsEditor(7,Arthena) [Debug] 1 [PackageName] WindowsEditor [ProjectName] Editor" joined alternative multi-casting on [225.0.0.222:34997]...

[Physics::Module] Initialized MultithreadedJobDispatcher with 15 workers.
Refreshing native plugins compatible for Editor in 7.35 ms, found 7 plugins.
Preloading 0 native plugins for Editor in 0.00 ms.
Initialize engine version: 2022.3.14f1 (eff2de9070d8)
[Subsystems] Discovering subsystems at path G:/Unity Engine/UnityEditors/2022.3.14f1/Editor/Data/Resources/UnitySubsystems
[Subsystems] Discovering subsystems at path G:/Git/SpiritOfTheWild/Pano/Assets
GfxDevice: creating device client; threaded=0; jobified=0
Direct3D:
    Version:  Direct3D 11.0 [level 11.1]
    Renderer: NVIDIA GeForce RTX 2070 SUPER (ID=0x1e84)
    Vendor:   NVIDIA
    VRAM:     8003 MB
    Driver:   31.0.15.4633
Initialize mono
Mono path[0] = 'G:/Unity Engine/UnityEditors/2022.3.14f1/Editor/Data/Managed'
Mono path[1] = 'G:/Unity Engine/UnityEditors/2022.3.14f1/Editor/Data/MonoBleedingEdge/lib/mono/unityjit-win32'
Mono config path = 'G:/Unity Engine/UnityEditors/2022.3.14f1/Editor/Data/MonoBleedingEdge/etc'
Using monoOptions --debugger-agent=transport=dt_socket,embedding=1,server=y,suspend=n,address=127.0.0.1:56964
Begin MonoManager ReloadAssembly
Registering precompiled unity dll's ...
Register platform support module: G:/Unity Engine/UnityEditors/2022.3.14f1/Editor/Data/PlaybackEngines/AndroidPlayer/UnityEditor.Android.Extensions.dll
Register platform support module: G:/Unity Engine/UnityEditors/2022.3.14f1/Editor/Data/PlaybackEngines/WindowsStandaloneSupport/UnityEditor.WindowsStandalone.Extensions.dll
Registered in 0.003553 seconds.
- Loaded All Assemblies, in  0.401 seconds
Native extension for WindowsStandalone target not found
Native extension for Android target not found
Android Extension - Scanning For ADB Devices 254 ms
Mono: successfully reloaded assembly
- Finished resetting the current domain, in  0.573 seconds
Domain Reload Profiling: 974ms
	BeginReloadAssembly (118ms)
		ExecutionOrderSort (0ms)
		DisableScriptedObjects (0ms)
		BackupInstance (0ms)
		ReleaseScriptingObjects (0ms)
		CreateAndSetChildDomain (1ms)
	RebuildCommonClasses (37ms)
	RebuildNativeTypeToScriptingClass (13ms)
	initialDomainReloadingComplete (52ms)
	LoadAllAssembliesAndSetupDomain (181ms)
		LoadAssemblies (118ms)
		RebuildTransferFunctionScriptingTraits (0ms)
		AnalyzeDomain (178ms)
			TypeCache.Refresh (177ms)
				TypeCache.ScanAssembly (161ms)
			ScanForSourceGeneratedMonoScriptInfo (0ms)
			ResolveRequiredComponents (0ms)
	FinalizeReload (573ms)
		ReleaseScriptCaches (0ms)
		RebuildScriptCaches (0ms)
		SetupLoadedEditorAssemblies (517ms)
			LogAssemblyErrors (0ms)
			InitializePlatformSupportModulesInManaged (373ms)
			SetLoadedEditorAssemblies (4ms)
			RefreshPlugins (0ms)
			BeforeProcessingInitializeOnLoad (2ms)
			ProcessInitializeOnLoadAttributes (93ms)
			ProcessInitializeOnLoadMethodAttributes (45ms)
			AfterProcessingInitializeOnLoad (0ms)
			EditorAssembliesLoaded (0ms)
		ExecutionOrderSort2 (0ms)
		AwakeInstancesAfterBackupRestoration (0ms)
========================================================================
Worker process is ready to serve import requests
Begin MonoManager ReloadAssembly
- Loaded All Assemblies, in  0.631 seconds
Refreshing native plugins compatible for Editor in 3.19 ms, found 7 plugins.
Native extension for WindowsStandalone target not found
Native extension for Android target not found
Package Manager log level set to [2]
[Package Manager] Server::EnsureServerProcessIsRunning -- launch failed, reason: Unity was launched with the -noUpm command-line argument
[Package Manager] UpmClient::Send -- Unable to send message (not connected to UPM process).
[Package Manager] Cannot connect to Unity Package Manager local server
[Package Manager] Server::EnsureServerProcessIsRunning -- launch failed, reason: Unity was launched with the -noUpm command-line argument
[Package Manager] UpmClient::Send -- Unable to send message (not connected to UPM process).
[Package Manager] Cannot connect to Unity Package Manager local server
Mono: successfully reloaded assembly
- Finished resetting the current domain, in  0.566 seconds
Domain Reload Profiling: 1197ms
	BeginReloadAssembly (139ms)
		ExecutionOrderSort (0ms)
		DisableScriptedObjects (5ms)
		BackupInstance (0ms)
		ReleaseScriptingObjects (0ms)
		CreateAndSetChildDomain (20ms)
	RebuildCommonClasses (31ms)
	RebuildNativeTypeToScriptingClass (11ms)
	initialDomainReloadingComplete (38ms)
	LoadAllAssembliesAndSetupDomain (410ms)
		LoadAssemblies (290ms)
		RebuildTransferFunctionScriptingTraits (0ms)
		AnalyzeDomain (203ms)
			TypeCache.Refresh (170ms)
				TypeCache.ScanAssembly (152ms)
			ScanForSourceGeneratedMonoScriptInfo (24ms)
			ResolveRequiredComponents (8ms)
	FinalizeReload (567ms)
		ReleaseScriptCaches (0ms)
		RebuildScriptCaches (0ms)
		SetupLoadedEditorAssemblies (380ms)
			LogAssemblyErrors (0ms)
			InitializePlatformSupportModulesInManaged (21ms)
			SetLoadedEditorAssemblies (3ms)
			RefreshPlugins (0ms)
			BeforeProcessingInitializeOnLoad (48ms)
			ProcessInitializeOnLoadAttributes (287ms)
			ProcessInitializeOnLoadMethodAttributes (20ms)
			AfterProcessingInitializeOnLoad (2ms)
			EditorAssembliesLoaded (0ms)
		ExecutionOrderSort2 (0ms)
		AwakeInstancesAfterBackupRestoration (6ms)
Launched and connected shader compiler UnityShaderCompiler.exe after 0.04 seconds
Refreshing native plugins compatible for Editor in 3.87 ms, found 7 plugins.
Preloading 0 native plugins for Editor in 0.00 ms.
Unloading 4040 Unused Serialized files (Serialized files now loaded: 0)
Unloading 68 unused Assets / (1.9 MB). Loaded Objects now: 4627.
Memory consumption went from 208.6 MB to 206.7 MB.
Total: 3.709100 ms (FindLiveObjects: 0.419500 ms CreateObjectMapping: 0.372100 ms MarkObjects: 2.392700 ms  DeleteObjects: 0.523700 ms)

AssetImportParameters requested are different than current active one (requested -> active):
  custom:container-demuxer-ogg: 62fdf1f143b41e24485cea50d1cbac27 -> 
  custom:video-decoder-ogg-theora: a1e56fd34408186e4bbccfd4996cb3dc -> 
  custom:framework-win-MediaFoundation: 216162199b28c13a410421893ffa2e32 -> 
  custom:CustomObjectIndexerAttribute: 756ad292c208cfabdd7b50bc23989ffe -> 
  custom:container-demuxer-webm: 4f35f7cbe854078d1ac9338744f61a02 -> 
  custom:container-muxer-webm: aa71ff27fc2769a1b78a27578f13a17b -> 
  custom:video-decoder-webm-vp8: 9c59270c3fd7afecdb556c50c9e8de78 -> 
  custom:SearchIndexIgnoredProperties: e643bd26f0fe6173181afceb89e7c659 -> 
  custom:AudioImporter_EditorPlatform: d09bf68614088b80899f8185d706f6e7 -> 
  custom:video-encoder-webm-vp8: eb34c28f22e8b96e1ab97ce403110664 -> 
  custom:audio-decoder-ogg-vorbis: bf7c407c2cedff20999df2af8eb42d56 -> 
  custom:audio-encoder-webm-vorbis: bf7c407c2cedff20999df2af8eb42d56 -> 
========================================================================
Received Import Request.
  Time since last request: 179387.031799 seconds.
  path: Assets/Scripts/Demo_MoveInLine.cs
  artifactKey: Guid(43ba9343ab070034fa910fd1f211d6ee) Importer(815301076,1909f56bfc062723c751e8b465ee728b)
Start importing Assets/Scripts/Demo_MoveInLine.cs using Guid(43ba9343ab070034fa910fd1f211d6ee) Importer(815301076,1909f56bfc062723c751e8b465ee728b)  -> (artifact id: 'fe3744da6d597bb721bd6f9ab48a9ac4') in 0.001985 seconds
Number of updated asset objects reloaded before import = 0
Number of asset objects unloaded after import = 0
========================================================================
Received Import Request.
  Time since last request: 0.000018 seconds.
  path: Assets/Scripts/Outdated
  artifactKey: Guid(b87be96268dc6d542a9d8804676ef60e) Importer(815301076,1909f56bfc062723c751e8b465ee728b)
Start importing Assets/Scripts/Outdated using Guid(b87be96268dc6d542a9d8804676ef60e) Importer(815301076,1909f56bfc062723c751e8b465ee728b)  -> (artifact id: '26af8718cdeb70a7ecce5e868a4b8618') in 0.000396 seconds
Number of updated asset objects reloaded before import = 0
Number of asset objects unloaded after import = 0
========================================================================
Received Prepare
Begin MonoManager ReloadAssembly
- Loaded All Assemblies, in  0.420 seconds
Refreshing native plugins compatible for Editor in 3.50 ms, found 7 plugins.
Native extension for WindowsStandalone target not found
Native extension for Android target not found
[Package Manager] Server::EnsureServerProcessIsRunning -- launch failed, reason: Unity was launched with the -noUpm command-line argument
[Package Manager] UpmClient::Send -- Unable to send message (not connected to UPM process).
[Package Manager] Cannot connect to Unity Package Manager local server
[Package Manager] Server::EnsureServerProcessIsRunning -- launch failed, reason: Unity was launched with the -noUpm command-line argument
[Package Manager] UpmClient::Send -- Unable to send message (not connected to UPM process).
[Package Manager] Cannot connect to Unity Package Manager local server
Mono: successfully reloaded assembly
- Finished resetting the current domain, in  0.810 seconds
Domain Reload Profiling: 1230ms
	BeginReloadAssembly (152ms)
		ExecutionOrderSort (0ms)
		DisableScriptedObjects (5ms)
		BackupInstance (0ms)
		ReleaseScriptingObjects (0ms)
		CreateAndSetChildDomain (34ms)
	RebuildCommonClasses (31ms)
	RebuildNativeTypeToScriptingClass (10ms)
	initialDomainReloadingComplete (22ms)
	LoadAllAssembliesAndSetupDomain (202ms)
		LoadAssemblies (240ms)
		RebuildTransferFunctionScriptingTraits (0ms)
		AnalyzeDomain (36ms)
			TypeCache.Refresh (17ms)
				TypeCache.ScanAssembly (7ms)
			ScanForSourceGeneratedMonoScriptInfo (11ms)
			ResolveRequiredComponents (7ms)
	FinalizeReload (810ms)
		ReleaseScriptCaches (0ms)
		RebuildScriptCaches (0ms)
		SetupLoadedEditorAssemblies (334ms)
			LogAssemblyErrors (0ms)
			InitializePlatformSupportModulesInManaged (19ms)
			SetLoadedEditorAssemblies (4ms)
			RefreshPlugins (0ms)
			BeforeProcessingInitializeOnLoad (47ms)
			ProcessInitializeOnLoadAttributes (243ms)
			ProcessInitializeOnLoadMethodAttributes (20ms)
			AfterProcessingInitializeOnLoad (2ms)
			EditorAssembliesLoaded (0ms)
		ExecutionOrderSort2 (0ms)
		AwakeInstancesAfterBackupRestoration (5ms)
Refreshing native plugins compatible for Editor in 3.27 ms, found 7 plugins.
Preloading 0 native plugins for Editor in 0.00 ms.
Unloading 3921 Unused Serialized files (Serialized files now loaded: 0)
Unloading 55 unused Assets / (1.9 MB). Loaded Objects now: 4630.
Memory consumption went from 182.2 MB to 180.3 MB.
Total: 3.195500 ms (FindLiveObjects: 0.290400 ms CreateObjectMapping: 0.228700 ms MarkObjects: 2.206900 ms  DeleteObjects: 0.468900 ms)

Prepare: number of updated asset objects reloaded= 0
AssetImportParameters requested are different than current active one (requested -> active):
  custom:container-demuxer-ogg: 62fdf1f143b41e24485cea50d1cbac27 -> 
  custom:video-decoder-ogg-theora: a1e56fd34408186e4bbccfd4996cb3dc -> 
  custom:framework-win-MediaFoundation: 216162199b28c13a410421893ffa2e32 -> 
  custom:CustomObjectIndexerAttribute: 756ad292c208cfabdd7b50bc23989ffe -> 
  custom:container-demuxer-webm: 4f35f7cbe854078d1ac9338744f61a02 -> 
  custom:container-muxer-webm: aa71ff27fc2769a1b78a27578f13a17b -> 
  custom:video-decoder-webm-vp8: 9c59270c3fd7afecdb556c50c9e8de78 -> 
  custom:SearchIndexIgnoredProperties: e643bd26f0fe6173181afceb89e7c659 -> 
  custom:AudioImporter_EditorPlatform: d09bf68614088b80899f8185d706f6e7 -> 
  custom:video-encoder-webm-vp8: eb34c28f22e8b96e1ab97ce403110664 -> 
  custom:audio-decoder-ogg-vorbis: bf7c407c2cedff20999df2af8eb42d56 -> 
  custom:audio-encoder-webm-vorbis: bf7c407c2cedff20999df2af8eb42d56 -> 
========================================================================
Received Prepare
Begin MonoManager ReloadAssembly
- Loaded All Assemblies, in  0.660 seconds
Refreshing native plugins compatible for Editor in 3.64 ms, found 7 plugins.
Native extension for WindowsStandalone target not found
Native extension for Android target not found
[Package Manager] Server::EnsureServerProcessIsRunning -- launch failed, reason: Unity was launched with the -noUpm command-line argument
[Package Manager] UpmClient::Send -- Unable to send message (not connected to UPM process).
[Package Manager] Cannot connect to Unity Package Manager local server
[Package Manager] Server::EnsureServerProcessIsRunning -- launch failed, reason: Unity was launched with the -noUpm command-line argument
[Package Manager] UpmClient::Send -- Unable to send message (not connected to UPM process).
[Package Manager] Cannot connect to Unity Package Manager local server
Mono: successfully reloaded assembly
- Finished resetting the current domain, in  1.088 seconds
Domain Reload Profiling: 1747ms
	BeginReloadAssembly (227ms)
		ExecutionOrderSort (0ms)
		DisableScriptedObjects (5ms)
		BackupInstance (0ms)
		ReleaseScriptingObjects (0ms)
		CreateAndSetChildDomain (41ms)
	RebuildCommonClasses (40ms)
	RebuildNativeTypeToScriptingClass (13ms)
	initialDomainReloadingComplete (41ms)
	LoadAllAssembliesAndSetupDomain (336ms)
		LoadAssemblies (439ms)
		RebuildTransferFunctionScriptingTraits (0ms)
		AnalyzeDomain (45ms)
			TypeCache.Refresh (26ms)
				TypeCache.ScanAssembly (9ms)
			ScanForSourceGeneratedMonoScriptInfo (9ms)
			ResolveRequiredComponents (8ms)
	FinalizeReload (1088ms)
		ReleaseScriptCaches (0ms)
		RebuildScriptCaches (0ms)
		SetupLoadedEditorAssemblies (506ms)
			LogAssemblyErrors (0ms)
			InitializePlatformSupportModulesInManaged (42ms)
			SetLoadedEditorAssemblies (6ms)
			RefreshPlugins (0ms)
			BeforeProcessingInitializeOnLoad (84ms)
			ProcessInitializeOnLoadAttributes (343ms)
			ProcessInitializeOnLoadMethodAttributes (30ms)
			AfterProcessingInitializeOnLoad (2ms)
			EditorAssembliesLoaded (0ms)
		ExecutionOrderSort2 (0ms)
		AwakeInstancesAfterBackupRestoration (7ms)
Refreshing native plugins compatible for Editor in 5.12 ms, found 7 plugins.
Preloading 0 native plugins for Editor in 0.00 ms.
Unloading 3922 Unused Serialized files (Serialized files now loaded: 0)
Unloading 55 unused Assets / (1.9 MB). Loaded Objects now: 4634.
Memory consumption went from 184.2 MB to 182.3 MB.
Total: 4.349600 ms (FindLiveObjects: 0.433900 ms CreateObjectMapping: 0.439300 ms MarkObjects: 2.702100 ms  DeleteObjects: 0.772800 ms)

Prepare: number of updated asset objects reloaded= 0
AssetImportParameters requested are different than current active one (requested -> active):
  custom:container-demuxer-ogg: 62fdf1f143b41e24485cea50d1cbac27 -> 
  custom:video-decoder-ogg-theora: a1e56fd34408186e4bbccfd4996cb3dc -> 
  custom:framework-win-MediaFoundation: 216162199b28c13a410421893ffa2e32 -> 
  custom:CustomObjectIndexerAttribute: 756ad292c208cfabdd7b50bc23989ffe -> 
  custom:container-demuxer-webm: 4f35f7cbe854078d1ac9338744f61a02 -> 
  custom:container-muxer-webm: aa71ff27fc2769a1b78a27578f13a17b -> 
  custom:video-decoder-webm-vp8: 9c59270c3fd7afecdb556c50c9e8de78 -> 
  custom:SearchIndexIgnoredProperties: e643bd26f0fe6173181afceb89e7c659 -> 
  custom:AudioImporter_EditorPlatform: d09bf68614088b80899f8185d706f6e7 -> 
  custom:video-encoder-webm-vp8: eb34c28f22e8b96e1ab97ce403110664 -> 
  custom:audio-decoder-ogg-vorbis: bf7c407c2cedff20999df2af8eb42d56 -> 
  custom:audio-encoder-webm-vorbis: bf7c407c2cedff20999df2af8eb42d56 -> 
========================================================================
Received Import Request.
  Time since last request: 37.223868 seconds.
  path: Assets/Scripts/SFXAudioTimer.cs
  artifactKey: Guid(53ce8c2058e9eb94d840d670b877d842) Importer(815301076,1909f56bfc062723c751e8b465ee728b)
Start importing Assets/Scripts/SFXAudioTimer.cs using Guid(53ce8c2058e9eb94d840d670b877d842) Importer(815301076,1909f56bfc062723c751e8b465ee728b)  -> (artifact id: '7c2629c49e6318ae9a4456a4f070957d') in 0.032336 seconds
Number of updated asset objects reloaded before import = 0
Number of asset objects unloaded after import = 0
========================================================================
Received Prepare
Begin MonoManager ReloadAssembly
- Loaded All Assemblies, in  0.439 seconds
Refreshing native plugins compatible for Editor in 3.16 ms, found 7 plugins.
Native extension for WindowsStandalone target not found
Native extension for Android target not found
[Package Manager] Server::EnsureServerProcessIsRunning -- launch failed, reason: Unity was launched with the -noUpm command-line argument
[Package Manager] UpmClient::Send -- Unable to send message (not connected to UPM process).
[Package Manager] Cannot connect to Unity Package Manager local server
[Package Manager] Server::EnsureServerProcessIsRunning -- launch failed, reason: Unity was launched with the -noUpm command-line argument
[Package Manager] UpmClient::Send -- Unable to send message (not connected to UPM process).
[Package Manager] Cannot connect to Unity Package Manager local server
Mono: successfully reloaded assembly
- Finished resetting the current domain, in  0.761 seconds
Domain Reload Profiling: 1199ms
	BeginReloadAssembly (161ms)
		ExecutionOrderSort (0ms)
		DisableScriptedObjects (5ms)
		BackupInstance (0ms)
		ReleaseScriptingObjects (0ms)
		CreateAndSetChildDomain (40ms)
	RebuildCommonClasses (31ms)
	RebuildNativeTypeToScriptingClass (10ms)
	initialDomainReloadingComplete (26ms)
	LoadAllAssembliesAndSetupDomain (209ms)
		LoadAssemblies (261ms)
		RebuildTransferFunctionScriptingTraits (0ms)
		AnalyzeDomain (32ms)
			TypeCache.Refresh (15ms)
				TypeCache.ScanAssembly (6ms)
			ScanForSourceGeneratedMonoScriptInfo (8ms)
			ResolveRequiredComponents (7ms)
	FinalizeReload (762ms)
		ReleaseScriptCaches (0ms)
		RebuildScriptCaches (0ms)
		SetupLoadedEditorAssemblies (350ms)
			LogAssemblyErrors (0ms)
			InitializePlatformSupportModulesInManaged (20ms)
			SetLoadedEditorAssemblies (3ms)
			RefreshPlugins (0ms)
			BeforeProcessingInitializeOnLoad (51ms)
			ProcessInitializeOnLoadAttributes (247ms)
			ProcessInitializeOnLoadMethodAttributes (27ms)
			AfterProcessingInitializeOnLoad (2ms)
			EditorAssembliesLoaded (0ms)
		ExecutionOrderSort2 (0ms)
		AwakeInstancesAfterBackupRestoration (6ms)
Refreshing native plugins compatible for Editor in 3.31 ms, found 7 plugins.
Preloading 0 native plugins for Editor in 0.00 ms.
Unloading 3922 Unused Serialized files (Serialized files now loaded: 0)
Unloading 55 unused Assets / (1.9 MB). Loaded Objects now: 4637.
Memory consumption went from 186.1 MB to 184.2 MB.
Total: 3.869300 ms (FindLiveObjects: 0.389200 ms CreateObjectMapping: 0.314600 ms MarkObjects: 2.521900 ms  DeleteObjects: 0.642400 ms)

Prepare: number of updated asset objects reloaded= 0
AssetImportParameters requested are different than current active one (requested -> active):
  custom:container-demuxer-ogg: 62fdf1f143b41e24485cea50d1cbac27 -> 
  custom:video-decoder-ogg-theora: a1e56fd34408186e4bbccfd4996cb3dc -> 
  custom:framework-win-MediaFoundation: 216162199b28c13a410421893ffa2e32 -> 
  custom:CustomObjectIndexerAttribute: 756ad292c208cfabdd7b50bc23989ffe -> 
  custom:container-demuxer-webm: 4f35f7cbe854078d1ac9338744f61a02 -> 
  custom:container-muxer-webm: aa71ff27fc2769a1b78a27578f13a17b -> 
  custom:video-decoder-webm-vp8: 9c59270c3fd7afecdb556c50c9e8de78 -> 
  custom:SearchIndexIgnoredProperties: e643bd26f0fe6173181afceb89e7c659 -> 
  custom:AudioImporter_EditorPlatform: d09bf68614088b80899f8185d706f6e7 -> 
  custom:video-encoder-webm-vp8: eb34c28f22e8b96e1ab97ce403110664 -> 
  custom:audio-decoder-ogg-vorbis: bf7c407c2cedff20999df2af8eb42d56 -> 
  custom:audio-encoder-webm-vorbis: bf7c407c2cedff20999df2af8eb42d56 -> 
========================================================================
Received Import Request.
  Time since last request: 494.413887 seconds.
  path: Assets/Assets Custom/SFX/cricket_02.wav
  artifactKey: Guid(48d693dfdfd7d2f45a21857f43890c03) Importer(815301076,1909f56bfc062723c751e8b465ee728b)
Start importing Assets/Assets Custom/SFX/cricket_02.wav using Guid(48d693dfdfd7d2f45a21857f43890c03) Importer(815301076,1909f56bfc062723c751e8b465ee728b)  -> (artifact id: '463f9ad4b307258a627559176abe60b0') in 0.100921 seconds
Number of updated asset objects reloaded before import = 0
Number of asset objects unloaded after import = 2
========================================================================
Received Import Request.
  Time since last request: 0.000025 seconds.
  path: Assets/Assets Custom/SFX/distant soldiers_01.wav
  artifactKey: Guid(d211f55887207f44e804e9b8aa387a14) Importer(815301076,1909f56bfc062723c751e8b465ee728b)
Start importing Assets/Assets Custom/SFX/distant soldiers_01.wav using Guid(d211f55887207f44e804e9b8aa387a14) Importer(815301076,1909f56bfc062723c751e8b465ee728b)  -> (artifact id: '85602a95e134943ea1cbacb2864e51ee') in 0.008496 seconds
Number of updated asset objects reloaded before import = 0
Number of asset objects unloaded after import = 2
========================================================================
Received Import Request.
  Time since last request: 0.000013 seconds.
  path: Assets/Assets Custom/SFX/distant soldiers_03.wav
  artifactKey: Guid(44fc89ad407d0cc448c14dc8864f49d4) Importer(815301076,1909f56bfc062723c751e8b465ee728b)
Start importing Assets/Assets Custom/SFX/distant soldiers_03.wav using Guid(44fc89ad407d0cc448c14dc8864f49d4) Importer(815301076,1909f56bfc062723c751e8b465ee728b)  -> (artifact id: '46eba4026cfb93700fd2bc0c5bcf2cdc') in 0.009331 seconds
Number of updated asset objects reloaded before import = 0
Number of asset objects unloaded after import = 2
========================================================================
Received Import Request.
  Time since last request: 0.000070 seconds.
  path: Assets/Assets Custom/SFX/Fox sniffing 2_01.wav
  artifactKey: Guid(ccda11574c643f64dac3494f933cf7c4) Importer(815301076,1909f56bfc062723c751e8b465ee728b)
Start importing Assets/Assets Custom/SFX/Fox sniffing 2_01.wav using Guid(ccda11574c643f64dac3494f933cf7c4) Importer(815301076,1909f56bfc062723c751e8b465ee728b)  -> (artifact id: 'b78ab2f89f6343c5187a61ddebbb817c') in 0.009161 seconds
Number of updated asset objects reloaded before import = 0
Number of asset objects unloaded after import = 2
========================================================================
Received Import Request.
  Time since last request: 0.000058 seconds.
  path: Assets/Assets Custom/SFX/military vehicle 1_01.wav
  artifactKey: Guid(60433de4b0f470046b0169c183247a63) Importer(815301076,1909f56bfc062723c751e8b465ee728b)
Start importing Assets/Assets Custom/SFX/military vehicle 1_01.wav using Guid(60433de4b0f470046b0169c183247a63) Importer(815301076,1909f56bfc062723c751e8b465ee728b)  -> (artifact id: 'b7de3a2d344f1fcb1a7991b47d593989') in 0.010320 seconds
Number of updated asset objects reloaded before import = 0
Number of asset objects unloaded after import = 2
========================================================================
Received Import Request.
  Time since last request: 0.000057 seconds.
  path: Assets/Assets Custom/SFX/Doe 3_02.wav
  artifactKey: Guid(67b7adad491f1f24a9f51b504325aa7d) Importer(815301076,1909f56bfc062723c751e8b465ee728b)
Start importing Assets/Assets Custom/SFX/Doe 3_02.wav using Guid(67b7adad491f1f24a9f51b504325aa7d) Importer(815301076,1909f56bfc062723c751e8b465ee728b)  -> (artifact id: '391ab931e16227ba90c1ada6d39d0b98') in 0.010016 seconds
Number of updated asset objects reloaded before import = 0
Number of asset objects unloaded after import = 2
========================================================================
Received Import Request.
  Time since last request: 0.000018 seconds.
  path: Assets/Assets Custom/SFX/soldier walking 3_01.wav
  artifactKey: Guid(fff1cc48acc594745946688d53988bd2) Importer(815301076,1909f56bfc062723c751e8b465ee728b)
Start importing Assets/Assets Custom/SFX/soldier walking 3_01.wav using Guid(fff1cc48acc594745946688d53988bd2) Importer(815301076,1909f56bfc062723c751e8b465ee728b)  -> (artifact id: '8c85056c3a6d1ad98c3609d3bad7d936') in 0.010591 seconds
Number of updated asset objects reloaded before import = 0
Number of asset objects unloaded after import = 2
========================================================================
Received Import Request.
  Time since last request: 0.000051 seconds.
  path: Assets/Assets Custom/SFX/soldier walking 2_01.wav
  artifactKey: Guid(a56ab7c83e7e76541abe9968946489fb) Importer(815301076,1909f56bfc062723c751e8b465ee728b)
Start importing Assets/Assets Custom/SFX/soldier walking 2_01.wav using Guid(a56ab7c83e7e76541abe9968946489fb) Importer(815301076,1909f56bfc062723c751e8b465ee728b)  -> (artifact id: '34526978a00e7f3477e4824a0a52b9b0') in 0.008666 seconds
Number of updated asset objects reloaded before import = 0
Number of asset objects unloaded after import = 2
========================================================================
Received Import Request.
  Time since last request: 0.000016 seconds.
  path: Assets/Assets Custom/SFX/distant soldiers_04.wav
  artifactKey: Guid(586912110044dff40a961f16014bd02c) Importer(815301076,1909f56bfc062723c751e8b465ee728b)
Start importing Assets/Assets Custom/SFX/distant soldiers_04.wav using Guid(586912110044dff40a961f16014bd02c) Importer(815301076,1909f56bfc062723c751e8b465ee728b)  -> (artifact id: 'ab1b57ecc9af97494a5a0b999a159ab8') in 0.014273 seconds
Number of updated asset objects reloaded before import = 0
Number of asset objects unloaded after import = 2
========================================================================
Received Import Request.
  Time since last request: 0.000034 seconds.
  path: Assets/Assets Custom/SFX/Doe 5_01.wav
  artifactKey: Guid(dc43bded1d8a85d4484c0cddb73c454d) Importer(815301076,1909f56bfc062723c751e8b465ee728b)
Start importing Assets/Assets Custom/SFX/Doe 5_01.wav using Guid(dc43bded1d8a85d4484c0cddb73c454d) Importer(815301076,1909f56bfc062723c751e8b465ee728b)  -> (artifact id: 'edc2d6967fabcfa93220e3224cd91aaf') in 0.010090 seconds
Number of updated asset objects reloaded before import = 0
Number of asset objects unloaded after import = 2
========================================================================
Received Import Request.
  Time since last request: 0.000016 seconds.
  path: Assets/Assets Custom/SFX/Crow_04.wav
  artifactKey: Guid(113acefe9fbfbea4da2add34dc90b6a1) Importer(815301076,1909f56bfc062723c751e8b465ee728b)
Start importing Assets/Assets Custom/SFX/Crow_04.wav using Guid(113acefe9fbfbea4da2add34dc90b6a1) Importer(815301076,1909f56bfc062723c751e8b465ee728b)  -> (artifact id: 'ec8787f8d89531afbc3f8b29b3b862e0') in 0.010563 seconds
Number of updated asset objects reloaded before import = 0
Number of asset objects unloaded after import = 2
========================================================================
Received Import Request.
  Time since last request: 0.000016 seconds.
  path: Assets/Assets Custom/SFX/Crow 2_01.wav
  artifactKey: Guid(fca2b442776774d419a3a229ffd99071) Importer(815301076,1909f56bfc062723c751e8b465ee728b)
Start importing Assets/Assets Custom/SFX/Crow 2_01.wav using Guid(fca2b442776774d419a3a229ffd99071) Importer(815301076,1909f56bfc062723c751e8b465ee728b)  -> (artifact id: 'd051104c4a8c57000520af4e94e85b0b') in 0.013990 seconds
Number of updated asset objects reloaded before import = 0
Number of asset objects unloaded after import = 2
========================================================================
Received Import Request.
  Time since last request: 0.000035 seconds.
  path: Assets/Assets Custom/SFX/Doe 7_01.wav
  artifactKey: Guid(caef76bdfa1dbd247a28acf79f78438a) Importer(815301076,1909f56bfc062723c751e8b465ee728b)
Start importing Assets/Assets Custom/SFX/Doe 7_01.wav using Guid(caef76bdfa1dbd247a28acf79f78438a) Importer(815301076,1909f56bfc062723c751e8b465ee728b)  -> (artifact id: '60c8c0f1a2eeb9125f2eae69cd11ff9c') in 0.017740 seconds
Number of updated asset objects reloaded before import = 0
Number of asset objects unloaded after import = 2
========================================================================
Received Import Request.
  Time since last request: 0.000024 seconds.
  path: Assets/Assets Custom/SFX/Doe 2_02.wav
  artifactKey: Guid(988e5b1845312744f88a905cae61bb17) Importer(815301076,1909f56bfc062723c751e8b465ee728b)
Start importing Assets/Assets Custom/SFX/Doe 2_02.wav using Guid(988e5b1845312744f88a905cae61bb17) Importer(815301076,1909f56bfc062723c751e8b465ee728b)  -> (artifact id: '6e23f067d0b4278e02d339f0051dd0eb') in 0.011542 seconds
Number of updated asset objects reloaded before import = 0
Number of asset objects unloaded after import = 2
========================================================================
Received Import Request.
  Time since last request: 0.000018 seconds.
  path: Assets/Assets Custom/SFX/piano.wav
  artifactKey: Guid(675427f6906132a4d9358233f626d858) Importer(815301076,1909f56bfc062723c751e8b465ee728b)
Start importing Assets/Assets Custom/SFX/piano.wav using Guid(675427f6906132a4d9358233f626d858) Importer(815301076,1909f56bfc062723c751e8b465ee728b)  -> (artifact id: '8a2f9764d1ff43741e0c5191f0f07b45') in 0.011462 seconds
Number of updated asset objects reloaded before import = 0
Number of asset objects unloaded after import = 2
========================================================================
Received Import Request.
  Time since last request: 0.000013 seconds.
  path: Assets/Assets Custom/SFX/Doe 1_01.wav
  artifactKey: Guid(f00f017b764c0404e898fde5a3daaad7) Importer(815301076,1909f56bfc062723c751e8b465ee728b)
Start importing Assets/Assets Custom/SFX/Doe 1_01.wav using Guid(f00f017b764c0404e898fde5a3daaad7) Importer(815301076,1909f56bfc062723c751e8b465ee728b)  -> (artifact id: '58ea6f4f35c9b24c7c9e3a99586a78bf') in 0.014373 seconds
Number of updated asset objects reloaded before import = 0
Number of asset objects unloaded after import = 2
========================================================================
Received Import Request.
  Time since last request: 0.000030 seconds.
  path: Assets/Assets Custom/SFX/wind 1_02.wav
  artifactKey: Guid(ca16da73d152f734ba1ee27554e77529) Importer(815301076,1909f56bfc062723c751e8b465ee728b)
Start importing Assets/Assets Custom/SFX/wind 1_02.wav using Guid(ca16da73d152f734ba1ee27554e77529) Importer(815301076,1909f56bfc062723c751e8b465ee728b)  -> (artifact id: '24456eace9a3ec9f2ccd867093c96f32') in 0.010364 seconds
Number of updated asset objects reloaded before import = 0
Number of asset objects unloaded after import = 2
========================================================================
Received Import Request.
  Time since last request: 0.000033 seconds.
  path: Assets/Assets Custom/SFX/Doe 8 sniffing_01.wav
  artifactKey: Guid(f5df35afc56c3264497ed606d44e7079) Importer(815301076,1909f56bfc062723c751e8b465ee728b)
Start importing Assets/Assets Custom/SFX/Doe 8 sniffing_01.wav using Guid(f5df35afc56c3264497ed606d44e7079) Importer(815301076,1909f56bfc062723c751e8b465ee728b)  -> (artifact id: '4b138b82ff987aec0c7a2afe8ee85fbb') in 0.013435 seconds
Number of updated asset objects reloaded before import = 0
Number of asset objects unloaded after import = 2
========================================================================
Received Import Request.
  Time since last request: 0.000018 seconds.
  path: Assets/Assets Custom/SFX/Fox sniffing 1_01.wav
  artifactKey: Guid(bad7d070f5b64204784fb219008932cc) Importer(815301076,1909f56bfc062723c751e8b465ee728b)
Start importing Assets/Assets Custom/SFX/Fox sniffing 1_01.wav using Guid(bad7d070f5b64204784fb219008932cc) Importer(815301076,1909f56bfc062723c751e8b465ee728b)  -> (artifact id: '718d945b8885dfde45079d31f0d799e1') in 0.013374 seconds
Number of updated asset objects reloaded before import = 0
Number of asset objects unloaded after import = 2
========================================================================
Received Import Request.
  Time since last request: 0.000028 seconds.
  path: Assets/Assets Custom/SFX/Crow 3_01.wav
  artifactKey: Guid(9c2c209852f6cb846960389be0a98d37) Importer(815301076,1909f56bfc062723c751e8b465ee728b)
Start importing Assets/Assets Custom/SFX/Crow 3_01.wav using Guid(9c2c209852f6cb846960389be0a98d37) Importer(815301076,1909f56bfc062723c751e8b465ee728b)  -> (artifact id: 'd94fca55ceafec2615096a125dccb988') in 0.012252 seconds
Number of updated asset objects reloaded before import = 0
Number of asset objects unloaded after import = 2
Editor requested this worker to shutdown with reason: Scaling down because of idle timeout
TcpMessagingSession - receive error: operation aborted. errorcode: 995, details: The I/O operation has been aborted because of either a thread exit or an application request.
AssetImportWorker is now disconnected from the server
Process exiting
Exiting without the bug reporter. Application will terminate with return code 0